<?xml version="1.0" encoding="UTF-8"?>
<coverage generated="1760074139308" clover="3.2.0">
  <project timestamp="1760074139308" name="All files">
    <metrics statements="607" coveredstatements="536" conditionals="94" coveredconditionals="76" methods="248" coveredmethods="198" elements="949" coveredelements="810" complexity="0" loc="607" ncloc="607" packages="3" files="42" classes="42"/>
    <package name="hedging.services">
      <metrics statements="135" coveredstatements="132" conditionals="52" coveredconditionals="46" methods="17" coveredmethods="17"/>
      <file name="HedgeOptimizer.ts" path="/Users/ben/Documents/Work/HS/Application/Tonsurance/Tonsurance/hedging/services/HedgeOptimizer.ts">
        <metrics statements="67" coveredstatements="66" conditionals="26" coveredconditionals="25" methods="11" coveredmethods="11"/>
        <line num="38" count="1" type="stmt"/>
        <line num="47" count="14" type="cond" truecount="1" falsecount="0"/>
        <line num="50" count="14" type="cond" truecount="2" falsecount="0"/>
        <line num="51" count="14" type="cond" truecount="2" falsecount="0"/>
        <line num="52" count="14" type="stmt"/>
        <line num="55" count="14" type="stmt"/>
        <line num="59" count="40" type="stmt"/>
        <line num="61" count="14" type="stmt"/>
        <line num="67" count="14" type="stmt"/>
        <line num="70" count="14" type="cond" truecount="2" falsecount="0"/>
        <line num="71" count="13" type="stmt"/>
        <line num="73" count="13" type="stmt"/>
        <line num="74" count="39" type="stmt"/>
        <line num="75" count="39" type="stmt"/>
        <line num="76" count="39" type="stmt"/>
        <line num="81" count="14" type="stmt"/>
        <line num="82" count="41" type="cond" truecount="2" falsecount="0"/>
        <line num="84" count="29" type="stmt"/>
        <line num="90" count="29" type="cond" truecount="2" falsecount="0"/>
        <line num="91" count="28" type="stmt"/>
        <line num="92" count="28" type="stmt"/>
        <line num="98" count="14" type="stmt"/>
        <line num="104" count="14" type="stmt"/>
        <line num="105" count="14" type="stmt"/>
        <line num="106" count="14" type="stmt"/>
        <line num="107" count="14" type="stmt"/>
        <line num="109" count="14" type="stmt"/>
        <line num="122" count="14" type="stmt"/>
        <line num="123" count="42" type="stmt"/>
        <line num="126" count="14" type="stmt"/>
        <line num="127" count="14" type="stmt"/>
        <line num="128" count="42" type="cond" truecount="2" falsecount="0"/>
        <line num="129" count="40" type="stmt"/>
        <line num="134" count="14" type="stmt"/>
        <line num="147" count="9" type="stmt"/>
        <line num="150" count="9" type="stmt"/>
        <line num="156" count="9" type="cond" truecount="2" falsecount="0"/>
        <line num="159" count="9" type="stmt"/>
        <line num="165" count="9" type="cond" truecount="3" falsecount="0"/>
        <line num="168" count="1" type="stmt"/>
        <line num="169" count="1" type="stmt"/>
        <line num="170" count="1" type="stmt"/>
        <line num="174" count="3" type="stmt"/>
        <line num="175" count="3" type="stmt"/>
        <line num="176" count="3" type="stmt"/>
        <line num="180" count="5" type="stmt"/>
        <line num="181" count="5" type="stmt"/>
        <line num="182" count="5" type="stmt"/>
        <line num="185" count="9" type="stmt"/>
        <line num="186" count="9" type="stmt"/>
        <line num="188" count="9" type="stmt"/>
        <line num="203" count="8" type="cond" truecount="3" falsecount="1"/>
        <line num="205" count="6" type="stmt"/>
        <line num="207" count="1" type="stmt"/>
        <line num="209" count="1" type="stmt"/>
        <line num="211" count="0" type="stmt"/>
        <line num="223" count="2" type="stmt"/>
        <line num="225" count="2" type="stmt"/>
        <line num="226" count="5" type="stmt"/>
        <line num="227" count="3" type="stmt"/>
        <line num="241" count="4" type="stmt"/>
        <line num="243" count="4" type="stmt"/>
        <line num="266" count="12" type="stmt"/>
        <line num="267" count="12" type="stmt"/>
        <line num="270" count="12" type="cond" truecount="2" falsecount="0"/>
        <line num="271" count="4" type="stmt"/>
        <line num="274" count="8" type="stmt"/>
      </file>
      <file name="RiskCalculator.ts" path="/Users/ben/Documents/Work/HS/Application/Tonsurance/Tonsurance/hedging/services/RiskCalculator.ts">
        <metrics statements="68" coveredstatements="66" conditionals="26" coveredconditionals="21" methods="6" coveredmethods="6"/>
        <line num="2" count="1" type="stmt"/>
        <line num="3" count="1" type="stmt"/>
        <line num="26" count="1" type="stmt"/>
        <line num="32" count="14" type="stmt"/>
        <line num="33" count="14" type="stmt"/>
        <line num="34" count="14" type="stmt"/>
        <line num="41" count="14" type="stmt"/>
        <line num="44" count="14" type="stmt"/>
        <line num="49" count="14" type="stmt"/>
        <line num="50" count="19" type="stmt"/>
        <line num="51" count="19" type="stmt"/>
        <line num="57" count="19" type="cond" truecount="4" falsecount="0"/>
        <line num="58" count="2" type="stmt"/>
        <line num="61" count="17" type="stmt"/>
        <line num="64" count="17" type="stmt"/>
        <line num="65" count="17" type="cond" truecount="2" falsecount="0"/>
        <line num="66" count="15" type="stmt"/>
        <line num="73" count="15" type="stmt"/>
        <line num="77" count="17" type="stmt"/>
        <line num="80" count="17" type="stmt"/>
        <line num="81" count="17" type="stmt"/>
        <line num="86" count="16" type="stmt"/>
        <line num="87" count="16" type="stmt"/>
        <line num="88" count="16" type="stmt"/>
        <line num="91" count="1" type="stmt"/>
        <line num="95" count="0" type="stmt"/>
        <line num="100" count="14" type="stmt"/>
        <line num="101" count="14" type="stmt"/>
        <line num="102" count="15" type="stmt"/>
        <line num="103" count="15" type="stmt"/>
        <line num="105" count="15" type="stmt"/>
        <line num="108" count="14" type="stmt"/>
        <line num="115" count="3" type="stmt"/>
        <line num="117" count="3" type="stmt"/>
        <line num="118" count="2" type="cond" truecount="1" falsecount="1"/>
        <line num="120" count="2" type="stmt"/>
        <line num="123" count="2" type="cond" truecount="2" falsecount="0"/>
        <line num="124" count="1" type="stmt"/>
        <line num="128" count="2" type="stmt"/>
        <line num="135" count="3" type="stmt"/>
        <line num="136" count="3" type="stmt"/>
        <line num="138" count="3" type="stmt"/>
        <line num="139" count="3" type="cond" truecount="2" falsecount="0"/>
        <line num="141" count="2" type="cond" truecount="2" falsecount="0"/>
        <line num="142" count="2" type="cond" truecount="2" falsecount="0"/>
        <line num="145" count="2" type="stmt"/>
        <line num="146" count="2" type="stmt"/>
        <line num="147" count="2" type="stmt"/>
        <line num="149" count="2" type="cond" truecount="1" falsecount="1"/>
        <line num="150" count="2" type="stmt"/>
        <line num="158" count="2" type="cond" truecount="1" falsecount="1"/>
        <line num="159" count="2" type="stmt"/>
        <line num="167" count="2" type="cond" truecount="1" falsecount="1"/>
        <line num="168" count="2" type="stmt"/>
        <line num="177" count="3" type="stmt"/>
        <line num="184" count="17" type="cond" truecount="3" falsecount="1"/>
        <line num="186" count="13" type="stmt"/>
        <line num="188" count="2" type="stmt"/>
        <line num="190" count="2" type="stmt"/>
        <line num="192" count="0" type="stmt"/>
        <line num="206" count="1" type="stmt"/>
        <line num="208" count="1" type="stmt"/>
        <line num="216" count="1" type="stmt"/>
        <line num="217" count="3" type="stmt"/>
        <line num="218" count="3" type="stmt"/>
        <line num="219" count="3" type="stmt"/>
        <line num="220" count="3" type="stmt"/>
        <line num="223" count="1" type="stmt"/>
      </file>
    </package>
    <package name="tests.fixtures">
      <metrics statements="10" coveredstatements="8" conditionals="6" coveredconditionals="0" methods="2" coveredmethods="0"/>
      <file name="market-data.ts" path="/Users/ben/Documents/Work/HS/Application/Tonsurance/Tonsurance/tests/fixtures/market-data.ts">
        <metrics statements="10" coveredstatements="8" conditionals="6" coveredconditionals="0" methods="2" coveredmethods="0"/>
        <line num="10" count="1" type="stmt"/>
        <line num="33" count="1" type="stmt"/>
        <line num="56" count="1" type="stmt"/>
        <line num="79" count="1" type="stmt"/>
        <line num="102" count="1" type="stmt"/>
        <line num="125" count="1" type="stmt"/>
        <line num="134" count="1" type="stmt"/>
        <line num="135" count="0" type="stmt"/>
        <line num="155" count="1" type="stmt"/>
        <line num="159" count="0" type="stmt"/>
      </file>
    </package>
    <package name="wrappers">
      <metrics statements="462" coveredstatements="396" conditionals="36" coveredconditionals="30" methods="229" coveredmethods="181"/>
      <file name="AdvancedPremiumDistributor.compile.ts" path="/Users/ben/Documents/Work/HS/Application/Tonsurance/Tonsurance/wrappers/AdvancedPremiumDistributor.compile.ts">
        <metrics statements="1" coveredstatements="1" conditionals="0" coveredconditionals="0" methods="0" coveredmethods="0"/>
        <line num="3" count="1" type="stmt"/>
      </file>
      <file name="AdvancedPremiumDistributor.ts" path="/Users/ben/Documents/Work/HS/Application/Tonsurance/Tonsurance/wrappers/AdvancedPremiumDistributor.ts">
        <metrics statements="20" coveredstatements="19" conditionals="1" coveredconditionals="1" methods="11" coveredmethods="10"/>
        <line num="1" count="1" type="stmt"/>
        <line num="17" count="1" type="stmt"/>
        <line num="18" count="15" type="stmt"/>
        <line num="41" count="1" type="stmt"/>
        <line num="43" count="15" type="stmt"/>
        <line num="44" count="15" type="stmt"/>
        <line num="48" count="0" type="stmt"/>
        <line num="52" count="15" type="stmt"/>
        <line num="53" count="15" type="stmt"/>
        <line num="54" count="15" type="stmt"/>
        <line num="58" count="15" type="stmt"/>
        <line num="75" count="10" type="stmt"/>
        <line num="95" count="1" type="stmt"/>
        <line num="113" count="1" type="stmt"/>
        <line num="133" count="1" type="stmt"/>
        <line num="134" count="1" type="stmt"/>
        <line num="147" count="2" type="stmt"/>
        <line num="148" count="2" type="stmt"/>
        <line num="152" count="2" type="stmt"/>
        <line num="153" count="2" type="stmt"/>
      </file>
      <file name="ClaimsProcessor.compile.ts" path="/Users/ben/Documents/Work/HS/Application/Tonsurance/Tonsurance/wrappers/ClaimsProcessor.compile.ts">
        <metrics statements="1" coveredstatements="1" conditionals="0" coveredconditionals="0" methods="0" coveredmethods="0"/>
        <line num="3" count="1" type="stmt"/>
      </file>
      <file name="ClaimsProcessor.ts" path="/Users/ben/Documents/Work/HS/Application/Tonsurance/Tonsurance/wrappers/ClaimsProcessor.ts">
        <metrics statements="19" coveredstatements="18" conditionals="1" coveredconditionals="1" methods="10" coveredmethods="9"/>
        <line num="1" count="1" type="stmt"/>
        <line num="14" count="1" type="stmt"/>
        <line num="16" count="15" type="stmt"/>
        <line num="23" count="15" type="stmt"/>
        <line num="28" count="15" type="stmt"/>
        <line num="39" count="1" type="stmt"/>
        <line num="41" count="15" type="stmt"/>
        <line num="42" count="15" type="stmt"/>
        <line num="46" count="0" type="stmt"/>
        <line num="50" count="15" type="stmt"/>
        <line num="51" count="15" type="stmt"/>
        <line num="52" count="15" type="stmt"/>
        <line num="56" count="15" type="stmt"/>
        <line num="74" count="14" type="stmt"/>
        <line num="95" count="2" type="stmt"/>
        <line num="113" count="2" type="stmt"/>
        <line num="131" count="6" type="stmt"/>
        <line num="146" count="9" type="stmt"/>
        <line num="149" count="9" type="stmt"/>
      </file>
      <file name="ComplianceGateway.compile.ts" path="/Users/ben/Documents/Work/HS/Application/Tonsurance/Tonsurance/wrappers/ComplianceGateway.compile.ts">
        <metrics statements="1" coveredstatements="1" conditionals="0" coveredconditionals="0" methods="0" coveredmethods="0"/>
        <line num="3" count="1" type="stmt"/>
      </file>
      <file name="ComplianceGateway.ts" path="/Users/ben/Documents/Work/HS/Application/Tonsurance/Tonsurance/wrappers/ComplianceGateway.ts">
        <metrics statements="21" coveredstatements="20" conditionals="1" coveredconditionals="1" methods="12" coveredmethods="11"/>
        <line num="1" count="1" type="stmt"/>
        <line num="11" count="1" type="stmt"/>
        <line num="12" count="14" type="stmt"/>
        <line num="23" count="1" type="stmt"/>
        <line num="25" count="14" type="stmt"/>
        <line num="26" count="14" type="stmt"/>
        <line num="30" count="0" type="stmt"/>
        <line num="34" count="14" type="stmt"/>
        <line num="35" count="14" type="stmt"/>
        <line num="36" count="14" type="stmt"/>
        <line num="40" count="14" type="stmt"/>
        <line num="57" count="20" type="stmt"/>
        <line num="77" count="12" type="stmt"/>
        <line num="96" count="2" type="stmt"/>
        <line num="116" count="1" type="stmt"/>
        <line num="133" count="7" type="stmt"/>
        <line num="136" count="7" type="stmt"/>
        <line num="145" count="3" type="stmt"/>
        <line num="148" count="3" type="stmt"/>
        <line num="156" count="1" type="stmt"/>
        <line num="157" count="1" type="stmt"/>
      </file>
      <file name="GovernanceRewards.compile.ts" path="/Users/ben/Documents/Work/HS/Application/Tonsurance/Tonsurance/wrappers/GovernanceRewards.compile.ts">
        <metrics statements="1" coveredstatements="1" conditionals="0" coveredconditionals="0" methods="0" coveredmethods="0"/>
        <line num="3" count="1" type="stmt"/>
      </file>
      <file name="GovernanceRewards.ts" path="/Users/ben/Documents/Work/HS/Application/Tonsurance/Tonsurance/wrappers/GovernanceRewards.ts">
        <metrics statements="23" coveredstatements="20" conditionals="3" coveredconditionals="3" methods="13" coveredmethods="11"/>
        <line num="1" count="1" type="stmt"/>
        <line num="13" count="1" type="stmt"/>
        <line num="14" count="13" type="stmt"/>
        <line num="27" count="1" type="stmt"/>
        <line num="29" count="13" type="stmt"/>
        <line num="30" count="13" type="stmt"/>
        <line num="34" count="0" type="stmt"/>
        <line num="38" count="13" type="stmt"/>
        <line num="39" count="13" type="stmt"/>
        <line num="40" count="13" type="stmt"/>
        <line num="44" count="13" type="stmt"/>
        <line num="59" count="13" type="stmt"/>
        <line num="80" count="14" type="stmt"/>
        <line num="101" count="13" type="stmt"/>
        <line num="112" count="1" type="stmt"/>
        <line num="126" count="10" type="stmt"/>
        <line num="129" count="10" type="stmt"/>
        <line num="137" count="2" type="stmt"/>
        <line num="140" count="2" type="stmt"/>
        <line num="147" count="0" type="stmt"/>
        <line num="148" count="0" type="stmt"/>
        <line num="155" count="1" type="stmt"/>
        <line num="156" count="1" type="stmt"/>
      </file>
      <file name="HedgeCoordinator.ts" path="/Users/ben/Documents/Work/HS/Application/Tonsurance/Tonsurance/wrappers/HedgeCoordinator.ts">
        <metrics statements="40" coveredstatements="17" conditionals="5" coveredconditionals="4" methods="19" coveredmethods="4"/>
        <line num="1" count="1" type="stmt"/>
        <line num="17" count="1" type="cond" truecount="2" falsecount="0"/>
        <line num="18" count="1" type="stmt"/>
        <line num="19" count="1" type="stmt"/>
        <line num="20" count="1" type="stmt"/>
        <line num="23" count="1" type="cond" truecount="2" falsecount="0"/>
        <line num="24" count="1" type="stmt"/>
        <line num="25" count="1" type="stmt"/>
        <line num="26" count="1" type="stmt"/>
        <line num="27" count="1" type="stmt"/>
        <line num="28" count="1" type="stmt"/>
        <line num="48" count="1" type="stmt"/>
        <line num="49" count="0" type="stmt"/>
        <line num="58" count="1" type="stmt"/>
        <line num="60" count="14" type="stmt"/>
        <line num="61" count="14" type="stmt"/>
        <line num="65" count="0" type="stmt"/>
        <line num="69" count="0" type="stmt"/>
        <line num="70" count="0" type="stmt"/>
        <line num="71" count="0" type="stmt"/>
        <line num="75" count="0" type="stmt"/>
        <line num="95" count="0" type="stmt"/>
        <line num="97" count="0" type="stmt"/>
        <line num="122" count="0" type="stmt"/>
        <line num="146" count="0" type="stmt"/>
        <line num="167" count="0" type="stmt"/>
        <line num="185" count="0" type="stmt"/>
        <line num="203" count="0" type="stmt"/>
        <line num="214" count="17" type="stmt"/>
        <line num="218" count="16" type="stmt"/>
        <line num="232" count="0" type="stmt"/>
        <line num="236" count="0" type="stmt"/>
        <line num="246" count="0" type="stmt"/>
        <line num="250" count="0" type="stmt"/>
        <line num="257" count="0" type="stmt"/>
        <line num="261" count="0" type="stmt"/>
        <line num="265" count="0" type="stmt"/>
        <line num="266" count="0" type="stmt"/>
        <line num="270" count="0" type="stmt"/>
        <line num="271" count="0" type="stmt"/>
      </file>
      <file name="HedgedPolicyFactory.ts" path="/Users/ben/Documents/Work/HS/Application/Tonsurance/Tonsurance/wrappers/HedgedPolicyFactory.ts">
        <metrics statements="30" coveredstatements="9" conditionals="1" coveredconditionals="0" methods="16" coveredmethods="3"/>
        <line num="1" count="1" type="stmt"/>
        <line num="35" count="1" type="stmt"/>
        <line num="36" count="0" type="stmt"/>
        <line num="42" count="0" type="stmt"/>
        <line num="54" count="1" type="stmt"/>
        <line num="56" count="14" type="stmt"/>
        <line num="57" count="14" type="stmt"/>
        <line num="61" count="0" type="stmt"/>
        <line num="65" count="0" type="stmt"/>
        <line num="66" count="0" type="stmt"/>
        <line num="67" count="0" type="stmt"/>
        <line num="71" count="0" type="stmt"/>
        <line num="91" count="0" type="stmt"/>
        <line num="114" count="0" type="stmt"/>
        <line num="132" count="0" type="stmt"/>
        <line num="150" count="0" type="stmt"/>
        <line num="161" count="19" type="stmt"/>
        <line num="165" count="19" type="stmt"/>
        <line num="178" count="14" type="stmt"/>
        <line num="179" count="14" type="stmt"/>
        <line num="183" count="0" type="stmt"/>
        <line num="184" count="0" type="stmt"/>
        <line num="188" count="0" type="stmt"/>
        <line num="189" count="0" type="stmt"/>
        <line num="193" count="0" type="stmt"/>
        <line num="194" count="0" type="stmt"/>
        <line num="198" count="0" type="stmt"/>
        <line num="199" count="0" type="stmt"/>
        <line num="203" count="0" type="stmt"/>
        <line num="204" count="0" type="stmt"/>
      </file>
      <file name="JettonWallet.compile.ts" path="/Users/ben/Documents/Work/HS/Application/Tonsurance/Tonsurance/wrappers/JettonWallet.compile.ts">
        <metrics statements="1" coveredstatements="1" conditionals="0" coveredconditionals="0" methods="0" coveredmethods="0"/>
        <line num="3" count="4" type="stmt"/>
      </file>
      <file name="OracleRewards.compile.ts" path="/Users/ben/Documents/Work/HS/Application/Tonsurance/Tonsurance/wrappers/OracleRewards.compile.ts">
        <metrics statements="1" coveredstatements="1" conditionals="0" coveredconditionals="0" methods="0" coveredmethods="0"/>
        <line num="3" count="1" type="stmt"/>
      </file>
      <file name="OracleRewards.ts" path="/Users/ben/Documents/Work/HS/Application/Tonsurance/Tonsurance/wrappers/OracleRewards.ts">
        <metrics statements="21" coveredstatements="20" conditionals="3" coveredconditionals="3" methods="12" coveredmethods="11"/>
        <line num="1" count="1" type="stmt"/>
        <line num="12" count="1" type="stmt"/>
        <line num="13" count="12" type="stmt"/>
        <line num="25" count="1" type="stmt"/>
        <line num="27" count="12" type="stmt"/>
        <line num="28" count="12" type="stmt"/>
        <line num="32" count="0" type="stmt"/>
        <line num="36" count="12" type="stmt"/>
        <line num="37" count="12" type="stmt"/>
        <line num="38" count="12" type="stmt"/>
        <line num="42" count="12" type="stmt"/>
        <line num="57" count="13" type="stmt"/>
        <line num="77" count="15" type="stmt"/>
        <line num="97" count="16" type="stmt"/>
        <line num="108" count="1" type="stmt"/>
        <line num="122" count="7" type="stmt"/>
        <line num="125" count="7" type="stmt"/>
        <line num="133" count="3" type="stmt"/>
        <line num="136" count="3" type="stmt"/>
        <line num="143" count="1" type="stmt"/>
        <line num="144" count="1" type="stmt"/>
      </file>
      <file name="PolicyFactory.compile.ts" path="/Users/ben/Documents/Work/HS/Application/Tonsurance/Tonsurance/wrappers/PolicyFactory.compile.ts">
        <metrics statements="1" coveredstatements="1" conditionals="0" coveredconditionals="0" methods="0" coveredmethods="0"/>
        <line num="3" count="1" type="stmt"/>
      </file>
      <file name="PolicyFactory.ts" path="/Users/ben/Documents/Work/HS/Application/Tonsurance/Tonsurance/wrappers/PolicyFactory.ts">
        <metrics statements="20" coveredstatements="19" conditionals="1" coveredconditionals="1" methods="11" coveredmethods="10"/>
        <line num="1" count="1" type="stmt"/>
        <line num="12" count="1" type="stmt"/>
        <line num="13" count="14" type="stmt"/>
        <line num="24" count="1" type="stmt"/>
        <line num="26" count="14" type="stmt"/>
        <line num="27" count="14" type="stmt"/>
        <line num="31" count="0" type="stmt"/>
        <line num="35" count="14" type="stmt"/>
        <line num="36" count="14" type="stmt"/>
        <line num="37" count="14" type="stmt"/>
        <line num="41" count="14" type="stmt"/>
        <line num="58" count="8" type="stmt"/>
        <line num="78" count="2" type="stmt"/>
        <line num="96" count="1" type="stmt"/>
        <line num="107" count="4" type="stmt"/>
        <line num="108" count="4" type="stmt"/>
        <line num="119" count="3" type="stmt"/>
        <line num="123" count="3" type="stmt"/>
        <line num="139" count="9" type="stmt"/>
        <line num="144" count="9" type="stmt"/>
      </file>
      <file name="PriceOracle.compile.ts" path="/Users/ben/Documents/Work/HS/Application/Tonsurance/Tonsurance/wrappers/PriceOracle.compile.ts">
        <metrics statements="1" coveredstatements="1" conditionals="0" coveredconditionals="0" methods="0" coveredmethods="0"/>
        <line num="3" count="1" type="stmt"/>
      </file>
      <file name="PriceOracle.ts" path="/Users/ben/Documents/Work/HS/Application/Tonsurance/Tonsurance/wrappers/PriceOracle.ts">
        <metrics statements="26" coveredstatements="25" conditionals="1" coveredconditionals="1" methods="14" coveredmethods="13"/>
        <line num="1" count="1" type="stmt"/>
        <line num="10" count="1" type="stmt"/>
        <line num="11" count="14" type="stmt"/>
        <line num="21" count="1" type="stmt"/>
        <line num="23" count="14" type="stmt"/>
        <line num="24" count="14" type="stmt"/>
        <line num="28" count="0" type="stmt"/>
        <line num="32" count="14" type="stmt"/>
        <line num="33" count="14" type="stmt"/>
        <line num="34" count="14" type="stmt"/>
        <line num="38" count="14" type="stmt"/>
        <line num="53" count="14" type="stmt"/>
        <line num="74" count="22" type="stmt"/>
        <line num="95" count="1" type="stmt"/>
        <line num="110" count="1" type="stmt"/>
        <line num="113" count="1" type="stmt"/>
        <line num="121" count="5" type="stmt"/>
        <line num="124" count="5" type="stmt"/>
        <line num="128" count="3" type="stmt"/>
        <line num="131" count="3" type="stmt"/>
        <line num="139" count="3" type="stmt"/>
        <line num="142" count="3" type="stmt"/>
        <line num="150" count="1" type="stmt"/>
        <line num="151" count="1" type="stmt"/>
        <line num="155" count="1" type="stmt"/>
        <line num="156" count="1" type="stmt"/>
      </file>
      <file name="PrimaryVault.compile.ts" path="/Users/ben/Documents/Work/HS/Application/Tonsurance/Tonsurance/wrappers/PrimaryVault.compile.ts">
        <metrics statements="1" coveredstatements="1" conditionals="0" coveredconditionals="0" methods="0" coveredmethods="0"/>
        <line num="3" count="1" type="stmt"/>
      </file>
      <file name="PrimaryVault.ts" path="/Users/ben/Documents/Work/HS/Application/Tonsurance/Tonsurance/wrappers/PrimaryVault.ts">
        <metrics statements="25" coveredstatements="24" conditionals="1" coveredconditionals="1" methods="14" coveredmethods="13"/>
        <line num="1" count="1" type="stmt"/>
        <line num="15" count="1" type="stmt"/>
        <line num="16" count="14" type="stmt"/>
        <line num="30" count="1" type="stmt"/>
        <line num="32" count="14" type="stmt"/>
        <line num="33" count="14" type="stmt"/>
        <line num="37" count="0" type="stmt"/>
        <line num="41" count="14" type="stmt"/>
        <line num="42" count="14" type="stmt"/>
        <line num="43" count="14" type="stmt"/>
        <line num="47" count="14" type="stmt"/>
        <line num="62" count="15" type="stmt"/>
        <line num="77" count="2" type="stmt"/>
        <line num="96" count="2" type="stmt"/>
        <line num="116" count="1" type="stmt"/>
        <line num="128" count="6" type="stmt"/>
        <line num="129" count="6" type="stmt"/>
        <line num="133" count="4" type="stmt"/>
        <line num="134" count="4" type="stmt"/>
        <line num="138" count="1" type="stmt"/>
        <line num="139" count="1" type="stmt"/>
        <line num="143" count="7" type="stmt"/>
        <line num="146" count="7" type="stmt"/>
        <line num="155" count="4" type="stmt"/>
        <line num="156" count="4" type="stmt"/>
      </file>
      <file name="ReferralManager.compile.ts" path="/Users/ben/Documents/Work/HS/Application/Tonsurance/Tonsurance/wrappers/ReferralManager.compile.ts">
        <metrics statements="1" coveredstatements="1" conditionals="0" coveredconditionals="0" methods="0" coveredmethods="0"/>
        <line num="3" count="1" type="stmt"/>
      </file>
      <file name="ReferralManager.ts" path="/Users/ben/Documents/Work/HS/Application/Tonsurance/Tonsurance/wrappers/ReferralManager.ts">
        <metrics statements="27" coveredstatements="26" conditionals="1" coveredconditionals="1" methods="12" coveredmethods="11"/>
        <line num="1" count="1" type="stmt"/>
        <line num="8" count="1" type="stmt"/>
        <line num="9" count="15" type="stmt"/>
        <line num="17" count="1" type="stmt"/>
        <line num="19" count="15" type="stmt"/>
        <line num="20" count="15" type="stmt"/>
        <line num="24" count="0" type="stmt"/>
        <line num="28" count="15" type="stmt"/>
        <line num="29" count="15" type="stmt"/>
        <line num="30" count="15" type="stmt"/>
        <line num="34" count="15" type="stmt"/>
        <line num="50" count="30" type="stmt"/>
        <line num="71" count="5" type="stmt"/>
        <line num="87" count="2" type="stmt"/>
        <line num="90" count="2" type="stmt"/>
        <line num="97" count="5" type="stmt"/>
        <line num="100" count="5" type="stmt"/>
        <line num="101" count="5" type="stmt"/>
        <line num="103" count="1" type="stmt"/>
        <line num="115" count="4" type="stmt"/>
        <line num="119" count="4" type="stmt"/>
        <line num="120" count="20" type="stmt"/>
        <line num="121" count="20" type="stmt"/>
        <line num="123" count="12" type="stmt"/>
        <line num="127" count="4" type="stmt"/>
        <line num="138" count="1" type="stmt"/>
        <line num="139" count="1" type="stmt"/>
      </file>
      <file name="SUREToken.compile.ts" path="/Users/ben/Documents/Work/HS/Application/Tonsurance/Tonsurance/wrappers/SUREToken.compile.ts">
        <metrics statements="1" coveredstatements="1" conditionals="0" coveredconditionals="0" methods="0" coveredmethods="0"/>
        <line num="3" count="1" type="stmt"/>
      </file>
      <file name="SUREToken.ts" path="/Users/ben/Documents/Work/HS/Application/Tonsurance/Tonsurance/wrappers/SUREToken.ts">
        <metrics statements="16" coveredstatements="15" conditionals="3" coveredconditionals="2" methods="8" coveredmethods="7"/>
        <line num="1" count="1" type="stmt"/>
        <line num="11" count="1" type="stmt"/>
        <line num="12" count="12" type="stmt"/>
        <line num="21" count="1" type="stmt"/>
        <line num="23" count="12" type="stmt"/>
        <line num="24" count="12" type="stmt"/>
        <line num="28" count="0" type="stmt"/>
        <line num="32" count="12" type="stmt"/>
        <line num="33" count="12" type="stmt"/>
        <line num="34" count="12" type="stmt"/>
        <line num="38" count="12" type="stmt"/>
        <line num="55" count="9" type="stmt"/>
        <line num="74" count="8" type="stmt"/>
        <line num="75" count="8" type="stmt"/>
        <line num="85" count="3" type="stmt"/>
        <line num="88" count="3" type="stmt"/>
      </file>
      <file name="SecondaryVault.compile.ts" path="/Users/ben/Documents/Work/HS/Application/Tonsurance/Tonsurance/wrappers/SecondaryVault.compile.ts">
        <metrics statements="1" coveredstatements="1" conditionals="0" coveredconditionals="0" methods="0" coveredmethods="0"/>
        <line num="3" count="1" type="stmt"/>
      </file>
      <file name="SecondaryVault.ts" path="/Users/ben/Documents/Work/HS/Application/Tonsurance/Tonsurance/wrappers/SecondaryVault.ts">
        <metrics statements="19" coveredstatements="18" conditionals="1" coveredconditionals="1" methods="10" coveredmethods="9"/>
        <line num="1" count="1" type="stmt"/>
        <line num="15" count="1" type="stmt"/>
        <line num="16" count="13" type="stmt"/>
        <line num="30" count="1" type="stmt"/>
        <line num="32" count="13" type="stmt"/>
        <line num="33" count="13" type="stmt"/>
        <line num="37" count="0" type="stmt"/>
        <line num="41" count="13" type="stmt"/>
        <line num="42" count="13" type="stmt"/>
        <line num="43" count="13" type="stmt"/>
        <line num="47" count="13" type="stmt"/>
        <line num="63" count="16" type="stmt"/>
        <line num="82" count="2" type="stmt"/>
        <line num="93" count="5" type="stmt"/>
        <line num="94" count="5" type="stmt"/>
        <line num="98" count="9" type="stmt"/>
        <line num="99" count="9" type="stmt"/>
        <line num="108" count="7" type="stmt"/>
        <line num="111" count="7" type="stmt"/>
      </file>
      <file name="ShieldInst.compile.ts" path="/Users/ben/Documents/Work/HS/Application/Tonsurance/Tonsurance/wrappers/ShieldInst.compile.ts">
        <metrics statements="1" coveredstatements="1" conditionals="0" coveredconditionals="0" methods="0" coveredmethods="0"/>
        <line num="3" count="1" type="stmt"/>
      </file>
      <file name="ShieldInst.ts" path="/Users/ben/Documents/Work/HS/Application/Tonsurance/Tonsurance/wrappers/ShieldInst.ts">
        <metrics statements="27" coveredstatements="26" conditionals="3" coveredconditionals="2" methods="14" coveredmethods="13"/>
        <line num="1" count="1" type="stmt"/>
        <line num="13" count="1" type="stmt"/>
        <line num="14" count="13" type="stmt"/>
        <line num="26" count="1" type="stmt"/>
        <line num="28" count="13" type="stmt"/>
        <line num="29" count="13" type="stmt"/>
        <line num="33" count="0" type="stmt"/>
        <line num="37" count="13" type="stmt"/>
        <line num="38" count="13" type="stmt"/>
        <line num="39" count="13" type="stmt"/>
        <line num="43" count="13" type="stmt"/>
        <line num="62" count="9" type="stmt"/>
        <line num="85" count="1" type="stmt"/>
        <line num="103" count="3" type="stmt"/>
        <line num="104" count="3" type="stmt"/>
        <line num="114" count="1" type="stmt"/>
        <line num="117" count="1" type="stmt"/>
        <line num="121" count="1" type="stmt"/>
        <line num="122" count="1" type="stmt"/>
        <line num="126" count="1" type="stmt"/>
        <line num="127" count="1" type="stmt"/>
        <line num="131" count="4" type="stmt"/>
        <line num="134" count="4" type="stmt"/>
        <line num="138" count="2" type="stmt"/>
        <line num="141" count="2" type="stmt"/>
        <line num="145" count="1" type="stmt"/>
        <line num="146" count="1" type="stmt"/>
      </file>
      <file name="ShieldLP.compile.ts" path="/Users/ben/Documents/Work/HS/Application/Tonsurance/Tonsurance/wrappers/ShieldLP.compile.ts">
        <metrics statements="1" coveredstatements="1" conditionals="0" coveredconditionals="0" methods="0" coveredmethods="0"/>
        <line num="3" count="1" type="stmt"/>
      </file>
      <file name="ShieldLP.ts" path="/Users/ben/Documents/Work/HS/Application/Tonsurance/Tonsurance/wrappers/ShieldLP.ts">
        <metrics statements="20" coveredstatements="19" conditionals="3" coveredconditionals="2" methods="10" coveredmethods="9"/>
        <line num="1" count="1" type="stmt"/>
        <line num="12" count="1" type="stmt"/>
        <line num="13" count="12" type="stmt"/>
        <line num="23" count="1" type="stmt"/>
        <line num="25" count="12" type="stmt"/>
        <line num="26" count="12" type="stmt"/>
        <line num="30" count="0" type="stmt"/>
        <line num="34" count="12" type="stmt"/>
        <line num="35" count="12" type="stmt"/>
        <line num="36" count="12" type="stmt"/>
        <line num="40" count="12" type="stmt"/>
        <line num="58" count="9" type="stmt"/>
        <line num="78" count="3" type="stmt"/>
        <line num="79" count="3" type="stmt"/>
        <line num="89" count="3" type="stmt"/>
        <line num="92" count="3" type="stmt"/>
        <line num="96" count="1" type="stmt"/>
        <line num="97" count="1" type="stmt"/>
        <line num="101" count="4" type="stmt"/>
        <line num="102" count="4" type="stmt"/>
      </file>
      <file name="ShieldStake.compile.ts" path="/Users/ben/Documents/Work/HS/Application/Tonsurance/Tonsurance/wrappers/ShieldStake.compile.ts">
        <metrics statements="1" coveredstatements="1" conditionals="0" coveredconditionals="0" methods="0" coveredmethods="0"/>
        <line num="3" count="1" type="stmt"/>
      </file>
      <file name="ShieldStake.ts" path="/Users/ben/Documents/Work/HS/Application/Tonsurance/Tonsurance/wrappers/ShieldStake.ts">
        <metrics statements="24" coveredstatements="23" conditionals="3" coveredconditionals="2" methods="12" coveredmethods="11"/>
        <line num="1" count="1" type="stmt"/>
        <line num="12" count="1" type="stmt"/>
        <line num="13" count="14" type="stmt"/>
        <line num="24" count="1" type="stmt"/>
        <line num="26" count="14" type="stmt"/>
        <line num="27" count="14" type="stmt"/>
        <line num="31" count="0" type="stmt"/>
        <line num="35" count="14" type="stmt"/>
        <line num="36" count="14" type="stmt"/>
        <line num="37" count="14" type="stmt"/>
        <line num="41" count="14" type="stmt"/>
        <line num="60" count="11" type="stmt"/>
        <line num="81" count="3" type="stmt"/>
        <line num="82" count="3" type="stmt"/>
        <line num="92" count="3" type="stmt"/>
        <line num="95" count="3" type="stmt"/>
        <line num="99" count="1" type="stmt"/>
        <line num="100" count="1" type="stmt"/>
        <line num="104" count="2" type="stmt"/>
        <line num="105" count="2" type="stmt"/>
        <line num="109" count="5" type="stmt"/>
        <line num="112" count="5" type="stmt"/>
        <line num="116" count="2" type="stmt"/>
        <line num="119" count="2" type="stmt"/>
      </file>
      <file name="SimplePremiumDistributor.compile.ts" path="/Users/ben/Documents/Work/HS/Application/Tonsurance/Tonsurance/wrappers/SimplePremiumDistributor.compile.ts">
        <metrics statements="1" coveredstatements="1" conditionals="0" coveredconditionals="0" methods="0" coveredmethods="0"/>
        <line num="3" count="1" type="stmt"/>
      </file>
      <file name="SimplePremiumDistributor.ts" path="/Users/ben/Documents/Work/HS/Application/Tonsurance/Tonsurance/wrappers/SimplePremiumDistributor.ts">
        <metrics statements="18" coveredstatements="17" conditionals="1" coveredconditionals="1" methods="8" coveredmethods="7"/>
        <line num="1" count="1" type="stmt"/>
        <line num="13" count="1" type="stmt"/>
        <line num="15" count="10" type="stmt"/>
        <line num="21" count="10" type="stmt"/>
        <line num="26" count="10" type="stmt"/>
        <line num="35" count="1" type="stmt"/>
        <line num="37" count="10" type="stmt"/>
        <line num="38" count="10" type="stmt"/>
        <line num="42" count="0" type="stmt"/>
        <line num="46" count="10" type="stmt"/>
        <line num="47" count="10" type="stmt"/>
        <line num="48" count="10" type="stmt"/>
        <line num="52" count="10" type="stmt"/>
        <line num="68" count="10" type="stmt"/>
        <line num="80" count="3" type="stmt"/>
        <line num="81" count="3" type="stmt"/>
        <line num="85" count="3" type="stmt"/>
        <line num="86" count="3" type="stmt"/>
      </file>
      <file name="Token.compile.ts" path="/Users/ben/Documents/Work/HS/Application/Tonsurance/Tonsurance/wrappers/Token.compile.ts">
        <metrics statements="1" coveredstatements="1" conditionals="0" coveredconditionals="0" methods="0" coveredmethods="0"/>
        <line num="3" count="1" type="stmt"/>
      </file>
      <file name="Token.ts" path="/Users/ben/Documents/Work/HS/Application/Tonsurance/Tonsurance/wrappers/Token.ts">
        <metrics statements="10" coveredstatements="9" conditionals="1" coveredconditionals="1" methods="5" coveredmethods="4"/>
        <line num="1" count="1" type="stmt"/>
        <line num="5" count="1" type="stmt"/>
        <line num="6" count="1" type="stmt"/>
        <line num="9" count="1" type="stmt"/>
        <line num="10" count="1" type="stmt"/>
        <line num="13" count="0" type="stmt"/>
        <line num="17" count="1" type="stmt"/>
        <line num="18" count="1" type="stmt"/>
        <line num="19" count="1" type="stmt"/>
        <line num="23" count="1" type="stmt"/>
      </file>
      <file name="TradFiBuffer.compile.ts" path="/Users/ben/Documents/Work/HS/Application/Tonsurance/Tonsurance/wrappers/TradFiBuffer.compile.ts">
        <metrics statements="1" coveredstatements="1" conditionals="0" coveredconditionals="0" methods="0" coveredmethods="0"/>
        <line num="3" count="1" type="stmt"/>
      </file>
      <file name="TradFiBuffer.ts" path="/Users/ben/Documents/Work/HS/Application/Tonsurance/Tonsurance/wrappers/TradFiBuffer.ts">
        <metrics statements="21" coveredstatements="18" conditionals="1" coveredconditionals="1" methods="11" coveredmethods="9"/>
        <line num="1" count="1" type="stmt"/>
        <line num="18" count="1" type="stmt"/>
        <line num="19" count="14" type="stmt"/>
        <line num="40" count="1" type="stmt"/>
        <line num="42" count="14" type="stmt"/>
        <line num="43" count="14" type="stmt"/>
        <line num="47" count="0" type="stmt"/>
        <line num="51" count="14" type="stmt"/>
        <line num="52" count="14" type="stmt"/>
        <line num="53" count="14" type="stmt"/>
        <line num="57" count="14" type="stmt"/>
        <line num="73" count="16" type="stmt"/>
        <line num="85" count="2" type="stmt"/>
        <line num="99" count="4" type="stmt"/>
        <line num="102" count="4" type="stmt"/>
        <line num="115" count="3" type="stmt"/>
        <line num="116" count="3" type="stmt"/>
        <line num="125" count="1" type="stmt"/>
        <line num="126" count="1" type="stmt"/>
        <line num="133" count="0" type="stmt"/>
        <line num="134" count="0" type="stmt"/>
      </file>
      <file name="Treasury.compile.ts" path="/Users/ben/Documents/Work/HS/Application/Tonsurance/Tonsurance/wrappers/Treasury.compile.ts">
        <metrics statements="1" coveredstatements="1" conditionals="0" coveredconditionals="0" methods="0" coveredmethods="0"/>
        <line num="3" count="1" type="stmt"/>
      </file>
      <file name="Treasury.ts" path="/Users/ben/Documents/Work/HS/Application/Tonsurance/Tonsurance/wrappers/Treasury.ts">
        <metrics statements="16" coveredstatements="15" conditionals="1" coveredconditionals="1" methods="7" coveredmethods="6"/>
        <line num="1" count="1" type="stmt"/>
        <line num="13" count="1" type="stmt"/>
        <line num="17" count="13" type="stmt"/>
        <line num="22" count="13" type="stmt"/>
        <line num="32" count="1" type="stmt"/>
        <line num="34" count="13" type="stmt"/>
        <line num="35" count="13" type="stmt"/>
        <line num="39" count="0" type="stmt"/>
        <line num="43" count="13" type="stmt"/>
        <line num="44" count="13" type="stmt"/>
        <line num="45" count="13" type="stmt"/>
        <line num="49" count="13" type="stmt"/>
        <line num="61" count="2" type="stmt"/>
        <line num="62" count="2" type="stmt"/>
        <line num="70" count="6" type="stmt"/>
        <line num="71" count="6" type="stmt"/>
      </file>
    </package>
  </project>
</coverage>
