{"/Users/ben/Documents/Work/HS/Application/Tonsurance/Tonsurance/hedging/services/HedgeOptimizer.ts": {"path":"/Users/ben/Documents/Work/HS/Application/Tonsurance/Tonsurance/hedging/services/HedgeOptimizer.ts","statementMap":{"0":{"start":{"line":47,"column":67},"end":{"line":47,"column":71}},"1":{"start":{"line":50,"column":28},"end":{"line":50,"column":58}},"2":{"start":{"line":51,"column":28},"end":{"line":51,"column":59}},"3":{"start":{"line":52,"column":39},"end":{"line":52,"column":83}},"4":{"start":{"line":55,"column":23},"end":{"line":59,"column":41}},"5":{"start":{"line":59,"column":25},"end":{"line":59,"column":40}},"6":{"start":{"line":61,"column":32},"end":{"line":65,"column":10}},"7":{"start":{"line":67,"column":24},"end":{"line":67,"column":40}},"8":{"start":{"line":70,"column":8},"end":{"line":78,"column":9}},"9":{"start":{"line":71,"column":34},"end":{"line":71,"column":64}},"10":{"start":{"line":73,"column":12},"end":{"line":77,"column":13}},"11":{"start":{"line":74,"column":31},"end":{"line":74,"column":81}},"12":{"start":{"line":75,"column":16},"end":{"line":75,"column":48}},"13":{"start":{"line":76,"column":16},"end":{"line":76,"column":36}},"14":{"start":{"line":81,"column":8},"end":{"line":94,"column":9}},"15":{"start":{"line":82,"column":12},"end":{"line":82,"column":38}},"16":{"start":{"line":82,"column":32},"end":{"line":82,"column":38}},"17":{"start":{"line":84,"column":34},"end":{"line":87,"column":null}},"18":{"start":{"line":90,"column":12},"end":{"line":93,"column":13}},"19":{"start":{"line":91,"column":16},"end":{"line":91,"column":56}},"20":{"start":{"line":92,"column":16},"end":{"line":92,"column":43}},"21":{"start":{"line":98,"column":12},"end":{"line":100,"column":58}},"22":{"start":{"line":104,"column":31},"end":{"line":104,"column":46}},"23":{"start":{"line":105,"column":26},"end":{"line":105,"column":44}},"24":{"start":{"line":106,"column":37},"end":{"line":106,"column":101}},"25":{"start":{"line":107,"column":22},"end":{"line":107,"column":66}},"26":{"start":{"line":109,"column":8},"end":{"line":115,"column":10}},"27":{"start":{"line":122,"column":23},"end":{"line":122,"column":62}},"28":{"start":{"line":123,"column":24},"end":{"line":123,"column":62}},"29":{"start":{"line":123,"column":40},"end":{"line":123,"column":61}},"30":{"start":{"line":126,"column":22},"end":{"line":126,"column":23}},"31":{"start":{"line":127,"column":8},"end":{"line":131,"column":9}},"32":{"start":{"line":128,"column":12},"end":{"line":130,"column":13}},"33":{"start":{"line":129,"column":16},"end":{"line":129,"column":53}},"34":{"start":{"line":134,"column":8},"end":{"line":134,"column":31}},"35":{"start":{"line":147,"column":70},"end":{"line":147,"column":74}},"36":{"start":{"line":150,"column":39},"end":{"line":154,"column":10}},"37":{"start":{"line":156,"column":21},"end":{"line":156,"column":46}},"38":{"start":{"line":159,"column":31},"end":{"line":159,"column":37}},"39":{"start":{"line":165,"column":8},"end":{"line":183,"column":9}},"40":{"start":{"line":168,"column":16},"end":{"line":168,"column":47}},"41":{"start":{"line":169,"column":16},"end":{"line":169,"column":40}},"42":{"start":{"line":170,"column":16},"end":{"line":170,"column":22}},"43":{"start":{"line":174,"column":16},"end":{"line":174,"column":68}},"44":{"start":{"line":175,"column":16},"end":{"line":175,"column":71}},"45":{"start":{"line":176,"column":16},"end":{"line":176,"column":22}},"46":{"start":{"line":180,"column":16},"end":{"line":180,"column":47}},"47":{"start":{"line":181,"column":16},"end":{"line":181,"column":71}},"48":{"start":{"line":182,"column":16},"end":{"line":182,"column":22}},"49":{"start":{"line":185,"column":23},"end":{"line":185,"column":49}},"50":{"start":{"line":186,"column":30},"end":{"line":186,"column":50}},"51":{"start":{"line":188,"column":8},"end":{"line":196,"column":10}},"52":{"start":{"line":203,"column":8},"end":{"line":212,"column":9}},"53":{"start":{"line":205,"column":16},"end":{"line":205,"column":29}},"54":{"start":{"line":207,"column":16},"end":{"line":207,"column":29}},"55":{"start":{"line":209,"column":16},"end":{"line":209,"column":29}},"56":{"start":{"line":211,"column":16},"end":{"line":211,"column":29}},"57":{"start":{"line":223,"column":61},"end":{"line":223,"column":65}},"58":{"start":{"line":225,"column":8},"end":{"line":227,"column":44}},"59":{"start":{"line":226,"column":12},"end":{"line":226,"column":82}},"60":{"start":{"line":227,"column":25},"end":{"line":227,"column":42}},"61":{"start":{"line":241,"column":56},"end":{"line":241,"column":60}},"62":{"start":{"line":243,"column":8},"end":{"line":256,"column":10}},"63":{"start":{"line":266,"column":21},"end":{"line":266,"column":37}},"64":{"start":{"line":267,"column":24},"end":{"line":267,"column":38}},"65":{"start":{"line":270,"column":8},"end":{"line":272,"column":9}},"66":{"start":{"line":271,"column":12},"end":{"line":271,"column":49}},"67":{"start":{"line":274,"column":8},"end":{"line":277,"column":10}},"68":{"start":{"line":38,"column":0},"end":{"line":38,"column":13}}},"fnMap":{"0":{"name":"(anonymous_0)","decl":{"start":{"line":42,"column":4},"end":{"line":42,"column":22}},"loc":{"start":{"line":46,"column":5},"end":{"line":116,"column":5}}},"1":{"name":"(anonymous_1)","decl":{"start":{"line":59,"column":15},"end":{"line":59,"column":16}},"loc":{"start":{"line":59,"column":25},"end":{"line":59,"column":40}}},"2":{"name":"(anonymous_2)","decl":{"start":{"line":121,"column":12},"end":{"line":121,"column":41}},"loc":{"start":{"line":121,"column":72},"end":{"line":135,"column":5}}},"3":{"name":"(anonymous_3)","decl":{"start":{"line":123,"column":35},"end":{"line":123,"column":36}},"loc":{"start":{"line":123,"column":40},"end":{"line":123,"column":61}}},"4":{"name":"(anonymous_4)","decl":{"start":{"line":140,"column":4},"end":{"line":140,"column":21}},"loc":{"start":{"line":146,"column":5},"end":{"line":197,"column":5}}},"5":{"name":"(anonymous_5)","decl":{"start":{"line":202,"column":12},"end":{"line":202,"column":33}},"loc":{"start":{"line":202,"column":78},"end":{"line":213,"column":5}}},"6":{"name":"(anonymous_6)","decl":{"start":{"line":218,"column":4},"end":{"line":218,"column":21}},"loc":{"start":{"line":222,"column":5},"end":{"line":228,"column":5}}},"7":{"name":"(anonymous_7)","decl":{"start":{"line":225,"column":30},"end":{"line":225,"column":41}},"loc":{"start":{"line":226,"column":12},"end":{"line":226,"column":82}}},"8":{"name":"(anonymous_8)","decl":{"start":{"line":227,"column":15},"end":{"line":227,"column":16}},"loc":{"start":{"line":227,"column":25},"end":{"line":227,"column":42}}},"9":{"name":"(anonymous_9)","decl":{"start":{"line":233,"column":4},"end":{"line":233,"column":22}},"loc":{"start":{"line":236,"column":5},"end":{"line":257,"column":5}}},"10":{"name":"(anonymous_10)","decl":{"start":{"line":262,"column":12},"end":{"line":262,"column":30}},"loc":{"start":{"line":264,"column":22},"end":{"line":278,"column":5}}}},"branchMap":{"0":{"loc":{"start":{"line":47,"column":46},"end":{"line":47,"column":62}},"type":"default-arg","locations":[{"start":{"line":47,"column":60},"end":{"line":47,"column":62}}]},"1":{"loc":{"start":{"line":50,"column":28},"end":{"line":50,"column":58}},"type":"binary-expr","locations":[{"start":{"line":50,"column":28},"end":{"line":50,"column":51}},{"start":{"line":50,"column":55},"end":{"line":50,"column":58}}]},"2":{"loc":{"start":{"line":51,"column":28},"end":{"line":51,"column":59}},"type":"binary-expr","locations":[{"start":{"line":51,"column":28},"end":{"line":51,"column":51}},{"start":{"line":51,"column":55},"end":{"line":51,"column":59}}]},"3":{"loc":{"start":{"line":70,"column":8},"end":{"line":78,"column":9}},"type":"if","locations":[{"start":{"line":70,"column":8},"end":{"line":78,"column":9}},{"start":{},"end":{}}]},"4":{"loc":{"start":{"line":82,"column":12},"end":{"line":82,"column":38}},"type":"if","locations":[{"start":{"line":82,"column":12},"end":{"line":82,"column":38}},{"start":{},"end":{}}]},"5":{"loc":{"start":{"line":90,"column":12},"end":{"line":93,"column":13}},"type":"if","locations":[{"start":{"line":90,"column":12},"end":{"line":93,"column":13}},{"start":{},"end":{}}]},"6":{"loc":{"start":{"line":128,"column":12},"end":{"line":130,"column":13}},"type":"if","locations":[{"start":{"line":128,"column":12},"end":{"line":130,"column":13}},{"start":{},"end":{}}]},"7":{"loc":{"start":{"line":156,"column":21},"end":{"line":156,"column":46}},"type":"binary-expr","locations":[{"start":{"line":156,"column":21},"end":{"line":156,"column":31}},{"start":{"line":156,"column":35},"end":{"line":156,"column":46}}]},"8":{"loc":{"start":{"line":165,"column":8},"end":{"line":183,"column":9}},"type":"switch","locations":[{"start":{"line":166,"column":12},"end":{"line":170,"column":22}},{"start":{"line":172,"column":12},"end":{"line":176,"column":22}},{"start":{"line":178,"column":12},"end":{"line":182,"column":22}}]},"9":{"loc":{"start":{"line":203,"column":8},"end":{"line":212,"column":9}},"type":"switch","locations":[{"start":{"line":204,"column":12},"end":{"line":205,"column":29}},{"start":{"line":206,"column":12},"end":{"line":207,"column":29}},{"start":{"line":208,"column":12},"end":{"line":209,"column":29}},{"start":{"line":210,"column":12},"end":{"line":211,"column":29}}]},"10":{"loc":{"start":{"line":270,"column":8},"end":{"line":272,"column":9}},"type":"if","locations":[{"start":{"line":270,"column":8},"end":{"line":272,"column":9}},{"start":{},"end":{}}]},"11":{"loc":{"start":{"line":275,"column":20},"end":{"line":275,"column":54}},"type":"cond-expr","locations":[{"start":{"line":275,"column":31},"end":{"line":275,"column":41}},{"start":{"line":275,"column":44},"end":{"line":275,"column":54}}]}},"s":{"0":14,"1":14,"2":14,"3":14,"4":14,"5":40,"6":14,"7":14,"8":14,"9":13,"10":13,"11":39,"12":39,"13":39,"14":14,"15":41,"16":12,"17":29,"18":29,"19":28,"20":28,"21":14,"22":14,"23":14,"24":14,"25":14,"26":14,"27":14,"28":14,"29":42,"30":14,"31":14,"32":42,"33":40,"34":14,"35":9,"36":9,"37":9,"38":9,"39":9,"40":1,"41":1,"42":1,"43":3,"44":3,"45":3,"46":5,"47":5,"48":5,"49":9,"50":9,"51":9,"52":8,"53":6,"54":1,"55":1,"56":0,"57":2,"58":2,"59":5,"60":3,"61":4,"62":4,"63":12,"64":12,"65":12,"66":4,"67":8,"68":1},"f":{"0":14,"1":40,"2":14,"3":42,"4":9,"5":8,"6":2,"7":5,"8":3,"9":4,"10":12},"b":{"0":[7],"1":[14,8],"2":[14,11],"3":[13,1],"4":[12,29],"5":[28,1],"6":[40,2],"7":[9,5],"8":[1,3,5],"9":[6,1,1,0],"10":[4,8],"11":[4,4]}}
,"/Users/ben/Documents/Work/HS/Application/Tonsurance/Tonsurance/hedging/services/RiskCalculator.ts": {"path":"/Users/ben/Documents/Work/HS/Application/Tonsurance/Tonsurance/hedging/services/RiskCalculator.ts","statementMap":{"0":{"start":{"line":2,"column":0},"end":{"line":2,"column":73}},"1":{"start":{"line":3,"column":0},"end":{"line":3,"column":67}},"2":{"start":{"line":32,"column":8},"end":{"line":32,"column":42}},"3":{"start":{"line":33,"column":8},"end":{"line":33,"column":70}},"4":{"start":{"line":34,"column":8},"end":{"line":34,"column":75}},"5":{"start":{"line":41,"column":28},"end":{"line":41,"column":61}},"6":{"start":{"line":44,"column":29},"end":{"line":45,"column":null}},"7":{"start":{"line":49,"column":8},"end":{"line":97,"column":9}},"8":{"start":{"line":49,"column":21},"end":{"line":49,"column":23}},"9":{"start":{"line":50,"column":12},"end":{"line":96,"column":13}},"10":{"start":{"line":51,"column":31},"end":{"line":53,"column":null}},"11":{"start":{"line":57,"column":16},"end":{"line":59,"column":17}},"12":{"start":{"line":58,"column":20},"end":{"line":58,"column":29}},"13":{"start":{"line":61,"column":40},"end":{"line":61,"column":87}},"14":{"start":{"line":64,"column":31},"end":{"line":64,"column":63}},"15":{"start":{"line":65,"column":16},"end":{"line":74,"column":17}},"16":{"start":{"line":66,"column":20},"end":{"line":72,"column":22}},"17":{"start":{"line":73,"column":20},"end":{"line":73,"column":63}},"18":{"start":{"line":77,"column":16},"end":{"line":77,"column":64}},"19":{"start":{"line":80,"column":16},"end":{"line":92,"column":17}},"20":{"start":{"line":81,"column":42},"end":{"line":83,"column":null}},"21":{"start":{"line":86,"column":20},"end":{"line":86,"column":76}},"22":{"start":{"line":87,"column":20},"end":{"line":87,"column":76}},"23":{"start":{"line":88,"column":20},"end":{"line":88,"column":73}},"24":{"start":{"line":91,"column":20},"end":{"line":91,"column":70}},"25":{"start":{"line":95,"column":16},"end":{"line":95,"column":25}},"26":{"start":{"line":100,"column":44},"end":{"line":100,"column":46}},"27":{"start":{"line":101,"column":8},"end":{"line":106,"column":9}},"28":{"start":{"line":102,"column":12},"end":{"line":102,"column":75}},"29":{"start":{"line":103,"column":12},"end":{"line":103,"column":83}},"30":{"start":{"line":105,"column":12},"end":{"line":105,"column":37}},"31":{"start":{"line":108,"column":8},"end":{"line":108,"column":25}},"32":{"start":{"line":115,"column":26},"end":{"line":115,"column":56}},"33":{"start":{"line":117,"column":8},"end":{"line":126,"column":9}},"34":{"start":{"line":118,"column":12},"end":{"line":118,"column":56}},"35":{"start":{"line":118,"column":47},"end":{"line":118,"column":56}},"36":{"start":{"line":120,"column":35},"end":{"line":120,"column":96}},"37":{"start":{"line":123,"column":12},"end":{"line":125,"column":13}},"38":{"start":{"line":124,"column":16},"end":{"line":124,"column":28}},"39":{"start":{"line":128,"column":8},"end":{"line":128,"column":21}},"40":{"start":{"line":135,"column":26},"end":{"line":135,"column":56}},"41":{"start":{"line":136,"column":37},"end":{"line":136,"column":39}},"42":{"start":{"line":138,"column":8},"end":{"line":175,"column":9}},"43":{"start":{"line":139,"column":12},"end":{"line":139,"column":55}},"44":{"start":{"line":139,"column":46},"end":{"line":139,"column":55}},"45":{"start":{"line":141,"column":27},"end":{"line":141,"column":79}},"46":{"start":{"line":142,"column":31},"end":{"line":142,"column":106}},"47":{"start":{"line":145,"column":37},"end":{"line":145,"column":62}},"48":{"start":{"line":146,"column":37},"end":{"line":146,"column":62}},"49":{"start":{"line":147,"column":34},"end":{"line":147,"column":59}},"50":{"start":{"line":149,"column":12},"end":{"line":156,"column":13}},"51":{"start":{"line":150,"column":16},"end":{"line":155,"column":19}},"52":{"start":{"line":158,"column":12},"end":{"line":165,"column":13}},"53":{"start":{"line":159,"column":16},"end":{"line":164,"column":19}},"54":{"start":{"line":167,"column":12},"end":{"line":174,"column":13}},"55":{"start":{"line":168,"column":16},"end":{"line":173,"column":19}},"56":{"start":{"line":177,"column":8},"end":{"line":177,"column":22}},"57":{"start":{"line":184,"column":8},"end":{"line":193,"column":9}},"58":{"start":{"line":186,"column":16},"end":{"line":186,"column":31}},"59":{"start":{"line":188,"column":16},"end":{"line":188,"column":33}},"60":{"start":{"line":190,"column":16},"end":{"line":190,"column":32}},"61":{"start":{"line":192,"column":16},"end":{"line":192,"column":74}},"62":{"start":{"line":206,"column":26},"end":{"line":206,"column":56}},"63":{"start":{"line":208,"column":24},"end":{"line":214,"column":10}},"64":{"start":{"line":216,"column":8},"end":{"line":221,"column":9}},"65":{"start":{"line":217,"column":12},"end":{"line":217,"column":60}},"66":{"start":{"line":218,"column":12},"end":{"line":218,"column":65}},"67":{"start":{"line":219,"column":12},"end":{"line":219,"column":63}},"68":{"start":{"line":220,"column":12},"end":{"line":220,"column":58}},"69":{"start":{"line":223,"column":8},"end":{"line":223,"column":23}},"70":{"start":{"line":26,"column":0},"end":{"line":26,"column":13}}},"fnMap":{"0":{"name":"(anonymous_0)","decl":{"start":{"line":31,"column":4},"end":{"line":31,"column":16}},"loc":{"start":{"line":31,"column":44},"end":{"line":35,"column":5}}},"1":{"name":"(anonymous_1)","decl":{"start":{"line":40,"column":4},"end":{"line":40,"column":9}},"loc":{"start":{"line":40,"column":27},"end":{"line":109,"column":5}}},"2":{"name":"(anonymous_2)","decl":{"start":{"line":114,"column":4},"end":{"line":114,"column":9}},"loc":{"start":{"line":114,"column":26},"end":{"line":129,"column":5}}},"3":{"name":"(anonymous_3)","decl":{"start":{"line":134,"column":4},"end":{"line":134,"column":9}},"loc":{"start":{"line":134,"column":34},"end":{"line":178,"column":5}}},"4":{"name":"(anonymous_4)","decl":{"start":{"line":183,"column":12},"end":{"line":183,"column":33}},"loc":{"start":{"line":183,"column":54},"end":{"line":194,"column":5}}},"5":{"name":"(anonymous_5)","decl":{"start":{"line":199,"column":4},"end":{"line":199,"column":9}},"loc":{"start":{"line":199,"column":28},"end":{"line":224,"column":5}}}},"branchMap":{"0":{"loc":{"start":{"line":57,"column":16},"end":{"line":59,"column":17}},"type":"if","locations":[{"start":{"line":57,"column":16},"end":{"line":59,"column":17}},{"start":{},"end":{}}]},"1":{"loc":{"start":{"line":57,"column":20},"end":{"line":57,"column":89}},"type":"binary-expr","locations":[{"start":{"line":57,"column":20},"end":{"line":57,"column":36}},{"start":{"line":57,"column":40},"end":{"line":57,"column":89}}]},"2":{"loc":{"start":{"line":65,"column":16},"end":{"line":74,"column":17}},"type":"if","locations":[{"start":{"line":65,"column":16},"end":{"line":74,"column":17}},{"start":{},"end":{}}]},"3":{"loc":{"start":{"line":118,"column":12},"end":{"line":118,"column":56}},"type":"if","locations":[{"start":{"line":118,"column":12},"end":{"line":118,"column":56}},{"start":{},"end":{}}]},"4":{"loc":{"start":{"line":123,"column":12},"end":{"line":125,"column":13}},"type":"if","locations":[{"start":{"line":123,"column":12},"end":{"line":125,"column":13}},{"start":{},"end":{}}]},"5":{"loc":{"start":{"line":139,"column":12},"end":{"line":139,"column":55}},"type":"if","locations":[{"start":{"line":139,"column":12},"end":{"line":139,"column":55}},{"start":{},"end":{}}]},"6":{"loc":{"start":{"line":141,"column":27},"end":{"line":141,"column":79}},"type":"cond-expr","locations":[{"start":{"line":141,"column":56},"end":{"line":141,"column":66}},{"start":{"line":141,"column":69},"end":{"line":141,"column":79}}]},"7":{"loc":{"start":{"line":142,"column":31},"end":{"line":142,"column":106}},"type":"cond-expr","locations":[{"start":{"line":142,"column":60},"end":{"line":142,"column":81}},{"start":{"line":142,"column":84},"end":{"line":142,"column":106}}]},"8":{"loc":{"start":{"line":149,"column":12},"end":{"line":156,"column":13}},"type":"if","locations":[{"start":{"line":149,"column":12},"end":{"line":156,"column":13}},{"start":{},"end":{}}]},"9":{"loc":{"start":{"line":158,"column":12},"end":{"line":165,"column":13}},"type":"if","locations":[{"start":{"line":158,"column":12},"end":{"line":165,"column":13}},{"start":{},"end":{}}]},"10":{"loc":{"start":{"line":167,"column":12},"end":{"line":174,"column":13}},"type":"if","locations":[{"start":{"line":167,"column":12},"end":{"line":174,"column":13}},{"start":{},"end":{}}]},"11":{"loc":{"start":{"line":184,"column":8},"end":{"line":193,"column":9}},"type":"switch","locations":[{"start":{"line":185,"column":12},"end":{"line":186,"column":31}},{"start":{"line":187,"column":12},"end":{"line":188,"column":33}},{"start":{"line":189,"column":12},"end":{"line":190,"column":32}},{"start":{"line":191,"column":12},"end":{"line":192,"column":74}}]}},"s":{"0":1,"1":1,"2":14,"3":14,"4":14,"5":14,"6":14,"7":14,"8":14,"9":19,"10":19,"11":19,"12":2,"13":17,"14":17,"15":17,"16":15,"17":15,"18":17,"19":17,"20":17,"21":16,"22":16,"23":16,"24":1,"25":0,"26":14,"27":14,"28":15,"29":15,"30":15,"31":14,"32":3,"33":3,"34":2,"35":0,"36":2,"37":2,"38":1,"39":2,"40":3,"41":3,"42":3,"43":3,"44":1,"45":2,"46":2,"47":2,"48":2,"49":2,"50":2,"51":2,"52":2,"53":2,"54":2,"55":2,"56":3,"57":17,"58":13,"59":2,"60":2,"61":0,"62":1,"63":1,"64":1,"65":3,"66":3,"67":3,"68":3,"69":1,"70":1},"f":{"0":14,"1":14,"2":3,"3":3,"4":17,"5":1},"b":{"0":[2,17],"1":[19,18],"2":[15,2],"3":[0,2],"4":[1,1],"5":[1,2],"6":[1,1],"7":[1,1],"8":[2,0],"9":[2,0],"10":[2,0],"11":[13,2,2,0]}}
,"/Users/ben/Documents/Work/HS/Application/Tonsurance/Tonsurance/tests/fixtures/market-data.ts": {"path":"/Users/ben/Documents/Work/HS/Application/Tonsurance/Tonsurance/tests/fixtures/market-data.ts","statementMap":{"0":{"start":{"line":134,"column":0},"end":{"line":134,"column":16}},"1":{"start":{"line":155,"column":0},"end":{"line":155,"column":16}},"2":{"start":{"line":10,"column":13},"end":{"line":30,"column":2}},"3":{"start":{"line":33,"column":13},"end":{"line":53,"column":2}},"4":{"start":{"line":56,"column":13},"end":{"line":76,"column":2}},"5":{"start":{"line":79,"column":13},"end":{"line":99,"column":2}},"6":{"start":{"line":102,"column":13},"end":{"line":122,"column":2}},"7":{"start":{"line":125,"column":13},"end":{"line":131,"column":2}},"8":{"start":{"line":135,"column":4},"end":{"line":151,"column":6}},"9":{"start":{"line":159,"column":4},"end":{"line":163,"column":6}}},"fnMap":{"0":{"name":"generateRandomMarketData","decl":{"start":{"line":134,"column":16},"end":{"line":134,"column":40}},"loc":{"start":{"line":134,"column":40},"end":{"line":152,"column":1}}},"1":{"name":"adjustMarketData","decl":{"start":{"line":155,"column":16},"end":{"line":155,"column":32}},"loc":{"start":{"line":157,"column":70},"end":{"line":164,"column":1}}}},"branchMap":{"0":{"loc":{"start":{"line":160,"column":46},"end":{"line":160,"column":74}},"type":"binary-expr","locations":[{"start":{"line":160,"column":46},"end":{"line":160,"column":68}},{"start":{"line":160,"column":72},"end":{"line":160,"column":74}}]},"1":{"loc":{"start":{"line":161,"column":46},"end":{"line":161,"column":74}},"type":"binary-expr","locations":[{"start":{"line":161,"column":46},"end":{"line":161,"column":68}},{"start":{"line":161,"column":72},"end":{"line":161,"column":74}}]},"2":{"loc":{"start":{"line":162,"column":40},"end":{"line":162,"column":65}},"type":"binary-expr","locations":[{"start":{"line":162,"column":40},"end":{"line":162,"column":59}},{"start":{"line":162,"column":63},"end":{"line":162,"column":65}}]}},"s":{"0":1,"1":1,"2":1,"3":1,"4":1,"5":1,"6":1,"7":1,"8":0,"9":0},"f":{"0":0,"1":0},"b":{"0":[0,0],"1":[0,0],"2":[0,0]}}
,"/Users/ben/Documents/Work/HS/Application/Tonsurance/Tonsurance/wrappers/AdvancedPremiumDistributor.compile.ts": {"path":"/Users/ben/Documents/Work/HS/Application/Tonsurance/Tonsurance/wrappers/AdvancedPremiumDistributor.compile.ts","statementMap":{"0":{"start":{"line":3,"column":13},"end":{"line":6,"column":2}}},"fnMap":{},"branchMap":{},"s":{"0":1},"f":{},"b":{}}
,"/Users/ben/Documents/Work/HS/Application/Tonsurance/Tonsurance/wrappers/AdvancedPremiumDistributor.ts": {"path":"/Users/ben/Documents/Work/HS/Application/Tonsurance/Tonsurance/wrappers/AdvancedPremiumDistributor.ts","statementMap":{"0":{"start":{"line":17,"column":0},"end":{"line":17,"column":16}},"1":{"start":{"line":1,"column":0},"end":{"line":1,"column":116}},"2":{"start":{"line":18,"column":4},"end":{"line":38,"column":19}},"3":{"start":{"line":43,"column":17},"end":{"line":43,"column":33}},"4":{"start":{"line":44,"column":17},"end":{"line":44,"column":50}},"5":{"start":{"line":48,"column":8},"end":{"line":48,"column":55}},"6":{"start":{"line":52,"column":21},"end":{"line":52,"column":67}},"7":{"start":{"line":53,"column":21},"end":{"line":53,"column":35}},"8":{"start":{"line":54,"column":8},"end":{"line":54,"column":86}},"9":{"start":{"line":58,"column":8},"end":{"line":62,"column":11}},"10":{"start":{"line":75,"column":8},"end":{"line":84,"column":11}},"11":{"start":{"line":95,"column":8},"end":{"line":102,"column":11}},"12":{"start":{"line":113,"column":8},"end":{"line":120,"column":11}},"13":{"start":{"line":133,"column":23},"end":{"line":133,"column":77}},"14":{"start":{"line":134,"column":8},"end":{"line":143,"column":10}},"15":{"start":{"line":147,"column":23},"end":{"line":147,"column":79}},"16":{"start":{"line":148,"column":8},"end":{"line":148,"column":44}},"17":{"start":{"line":152,"column":23},"end":{"line":152,"column":71}},"18":{"start":{"line":153,"column":8},"end":{"line":153,"column":44}},"19":{"start":{"line":41,"column":0},"end":{"line":41,"column":13}}},"fnMap":{"0":{"name":"advancedPremiumDistributorConfigToCell","decl":{"start":{"line":17,"column":16},"end":{"line":17,"column":54}},"loc":{"start":{"line":17,"column":95},"end":{"line":39,"column":1}}},"1":{"name":"(anonymous_1)","decl":{"start":{"line":42,"column":4},"end":{"line":42,"column":null}},"loc":{"start":{"line":44,"column":50},"end":{"line":45,"column":8}}},"2":{"name":"(anonymous_2)","decl":{"start":{"line":47,"column":4},"end":{"line":47,"column":10}},"loc":{"start":{"line":47,"column":45},"end":{"line":49,"column":5}}},"3":{"name":"(anonymous_3)","decl":{"start":{"line":51,"column":4},"end":{"line":51,"column":10}},"loc":{"start":{"line":51,"column":95},"end":{"line":55,"column":5}}},"4":{"name":"(anonymous_4)","decl":{"start":{"line":57,"column":4},"end":{"line":57,"column":9}},"loc":{"start":{"line":57,"column":75},"end":{"line":63,"column":5}}},"5":{"name":"(anonymous_5)","decl":{"start":{"line":65,"column":4},"end":{"line":65,"column":9}},"loc":{"start":{"line":73,"column":9},"end":{"line":85,"column":5}}},"6":{"name":"(anonymous_6)","decl":{"start":{"line":87,"column":4},"end":{"line":87,"column":9}},"loc":{"start":{"line":93,"column":9},"end":{"line":103,"column":5}}},"7":{"name":"(anonymous_7)","decl":{"start":{"line":105,"column":4},"end":{"line":105,"column":9}},"loc":{"start":{"line":111,"column":9},"end":{"line":121,"column":5}}},"8":{"name":"(anonymous_8)","decl":{"start":{"line":123,"column":4},"end":{"line":123,"column":9}},"loc":{"start":{"line":123,"column":63},"end":{"line":144,"column":5}}},"9":{"name":"(anonymous_9)","decl":{"start":{"line":146,"column":4},"end":{"line":146,"column":9}},"loc":{"start":{"line":146,"column":64},"end":{"line":149,"column":5}}},"10":{"name":"(anonymous_10)","decl":{"start":{"line":151,"column":4},"end":{"line":151,"column":9}},"loc":{"start":{"line":151,"column":57},"end":{"line":154,"column":5}}}},"branchMap":{"0":{"loc":{"start":{"line":51,"column":82},"end":{"line":51,"column":95}},"type":"default-arg","locations":[{"start":{"line":51,"column":94},"end":{"line":51,"column":95}}]}},"s":{"0":1,"1":1,"2":15,"3":15,"4":15,"5":0,"6":15,"7":15,"8":15,"9":15,"10":10,"11":1,"12":1,"13":1,"14":1,"15":2,"16":2,"17":2,"18":2,"19":1},"f":{"0":15,"1":15,"2":0,"3":15,"4":15,"5":10,"6":1,"7":1,"8":1,"9":2,"10":2},"b":{"0":[15]}}
,"/Users/ben/Documents/Work/HS/Application/Tonsurance/Tonsurance/wrappers/ClaimsProcessor.compile.ts": {"path":"/Users/ben/Documents/Work/HS/Application/Tonsurance/Tonsurance/wrappers/ClaimsProcessor.compile.ts","statementMap":{"0":{"start":{"line":3,"column":13},"end":{"line":6,"column":2}}},"fnMap":{},"branchMap":{},"s":{"0":1},"f":{},"b":{}}
,"/Users/ben/Documents/Work/HS/Application/Tonsurance/Tonsurance/wrappers/ClaimsProcessor.ts": {"path":"/Users/ben/Documents/Work/HS/Application/Tonsurance/Tonsurance/wrappers/ClaimsProcessor.ts","statementMap":{"0":{"start":{"line":14,"column":0},"end":{"line":14,"column":16}},"1":{"start":{"line":1,"column":0},"end":{"line":1,"column":130}},"2":{"start":{"line":16,"column":23},"end":{"line":20,"column":18}},"3":{"start":{"line":23,"column":24},"end":{"line":26,"column":18}},"4":{"start":{"line":28,"column":4},"end":{"line":36,"column":19}},"5":{"start":{"line":41,"column":17},"end":{"line":41,"column":33}},"6":{"start":{"line":42,"column":17},"end":{"line":42,"column":50}},"7":{"start":{"line":46,"column":8},"end":{"line":46,"column":44}},"8":{"start":{"line":50,"column":21},"end":{"line":50,"column":56}},"9":{"start":{"line":51,"column":21},"end":{"line":51,"column":35}},"10":{"start":{"line":52,"column":8},"end":{"line":52,"column":75}},"11":{"start":{"line":56,"column":8},"end":{"line":60,"column":11}},"12":{"start":{"line":74,"column":8},"end":{"line":84,"column":11}},"13":{"start":{"line":95,"column":8},"end":{"line":102,"column":11}},"14":{"start":{"line":113,"column":8},"end":{"line":120,"column":11}},"15":{"start":{"line":131,"column":8},"end":{"line":138,"column":11}},"16":{"start":{"line":146,"column":23},"end":{"line":148,"column":10}},"17":{"start":{"line":149,"column":8},"end":{"line":153,"column":10}},"18":{"start":{"line":39,"column":0},"end":{"line":39,"column":13}}},"fnMap":{"0":{"name":"claimsProcessorConfigToCell","decl":{"start":{"line":14,"column":16},"end":{"line":14,"column":43}},"loc":{"start":{"line":14,"column":73},"end":{"line":37,"column":1}}},"1":{"name":"(anonymous_1)","decl":{"start":{"line":40,"column":4},"end":{"line":40,"column":null}},"loc":{"start":{"line":42,"column":50},"end":{"line":43,"column":8}}},"2":{"name":"(anonymous_2)","decl":{"start":{"line":45,"column":4},"end":{"line":45,"column":10}},"loc":{"start":{"line":45,"column":45},"end":{"line":47,"column":5}}},"3":{"name":"(anonymous_3)","decl":{"start":{"line":49,"column":4},"end":{"line":49,"column":10}},"loc":{"start":{"line":49,"column":84},"end":{"line":53,"column":5}}},"4":{"name":"(anonymous_4)","decl":{"start":{"line":55,"column":4},"end":{"line":55,"column":9}},"loc":{"start":{"line":55,"column":75},"end":{"line":61,"column":5}}},"5":{"name":"(anonymous_5)","decl":{"start":{"line":63,"column":4},"end":{"line":63,"column":9}},"loc":{"start":{"line":72,"column":9},"end":{"line":85,"column":5}}},"6":{"name":"(anonymous_6)","decl":{"start":{"line":87,"column":4},"end":{"line":87,"column":9}},"loc":{"start":{"line":93,"column":9},"end":{"line":103,"column":5}}},"7":{"name":"(anonymous_7)","decl":{"start":{"line":105,"column":4},"end":{"line":105,"column":9}},"loc":{"start":{"line":111,"column":9},"end":{"line":121,"column":5}}},"8":{"name":"(anonymous_8)","decl":{"start":{"line":123,"column":4},"end":{"line":123,"column":9}},"loc":{"start":{"line":129,"column":9},"end":{"line":139,"column":5}}},"9":{"name":"(anonymous_9)","decl":{"start":{"line":141,"column":4},"end":{"line":141,"column":9}},"loc":{"start":{"line":141,"column":68},"end":{"line":154,"column":5}}}},"branchMap":{"0":{"loc":{"start":{"line":49,"column":71},"end":{"line":49,"column":84}},"type":"default-arg","locations":[{"start":{"line":49,"column":83},"end":{"line":49,"column":84}}]}},"s":{"0":1,"1":1,"2":15,"3":15,"4":15,"5":15,"6":15,"7":0,"8":15,"9":15,"10":15,"11":15,"12":14,"13":2,"14":2,"15":6,"16":9,"17":9,"18":1},"f":{"0":15,"1":15,"2":0,"3":15,"4":15,"5":14,"6":2,"7":2,"8":6,"9":9},"b":{"0":[15]}}
,"/Users/ben/Documents/Work/HS/Application/Tonsurance/Tonsurance/wrappers/ComplianceGateway.compile.ts": {"path":"/Users/ben/Documents/Work/HS/Application/Tonsurance/Tonsurance/wrappers/ComplianceGateway.compile.ts","statementMap":{"0":{"start":{"line":3,"column":13},"end":{"line":6,"column":2}}},"fnMap":{},"branchMap":{},"s":{"0":1},"f":{},"b":{}}
,"/Users/ben/Documents/Work/HS/Application/Tonsurance/Tonsurance/wrappers/ComplianceGateway.ts": {"path":"/Users/ben/Documents/Work/HS/Application/Tonsurance/Tonsurance/wrappers/ComplianceGateway.ts","statementMap":{"0":{"start":{"line":11,"column":0},"end":{"line":11,"column":16}},"1":{"start":{"line":1,"column":0},"end":{"line":1,"column":116}},"2":{"start":{"line":12,"column":4},"end":{"line":20,"column":19}},"3":{"start":{"line":25,"column":17},"end":{"line":25,"column":33}},"4":{"start":{"line":26,"column":17},"end":{"line":26,"column":50}},"5":{"start":{"line":30,"column":8},"end":{"line":30,"column":46}},"6":{"start":{"line":34,"column":21},"end":{"line":34,"column":58}},"7":{"start":{"line":35,"column":21},"end":{"line":35,"column":35}},"8":{"start":{"line":36,"column":8},"end":{"line":36,"column":77}},"9":{"start":{"line":40,"column":8},"end":{"line":44,"column":11}},"10":{"start":{"line":57,"column":8},"end":{"line":66,"column":11}},"11":{"start":{"line":77,"column":8},"end":{"line":84,"column":11}},"12":{"start":{"line":96,"column":8},"end":{"line":104,"column":11}},"13":{"start":{"line":116,"column":8},"end":{"line":124,"column":11}},"14":{"start":{"line":133,"column":23},"end":{"line":135,"column":10}},"15":{"start":{"line":136,"column":8},"end":{"line":141,"column":10}},"16":{"start":{"line":145,"column":23},"end":{"line":147,"column":10}},"17":{"start":{"line":148,"column":8},"end":{"line":148,"column":42}},"18":{"start":{"line":156,"column":23},"end":{"line":156,"column":69}},"19":{"start":{"line":157,"column":8},"end":{"line":161,"column":10}},"20":{"start":{"line":23,"column":0},"end":{"line":23,"column":13}}},"fnMap":{"0":{"name":"complianceGatewayConfigToCell","decl":{"start":{"line":11,"column":16},"end":{"line":11,"column":45}},"loc":{"start":{"line":11,"column":77},"end":{"line":21,"column":1}}},"1":{"name":"(anonymous_1)","decl":{"start":{"line":24,"column":4},"end":{"line":24,"column":null}},"loc":{"start":{"line":26,"column":50},"end":{"line":27,"column":8}}},"2":{"name":"(anonymous_2)","decl":{"start":{"line":29,"column":4},"end":{"line":29,"column":10}},"loc":{"start":{"line":29,"column":45},"end":{"line":31,"column":5}}},"3":{"name":"(anonymous_3)","decl":{"start":{"line":33,"column":4},"end":{"line":33,"column":10}},"loc":{"start":{"line":33,"column":86},"end":{"line":37,"column":5}}},"4":{"name":"(anonymous_4)","decl":{"start":{"line":39,"column":4},"end":{"line":39,"column":9}},"loc":{"start":{"line":39,"column":75},"end":{"line":45,"column":5}}},"5":{"name":"(anonymous_5)","decl":{"start":{"line":47,"column":4},"end":{"line":47,"column":9}},"loc":{"start":{"line":55,"column":9},"end":{"line":67,"column":5}}},"6":{"name":"(anonymous_6)","decl":{"start":{"line":69,"column":4},"end":{"line":69,"column":9}},"loc":{"start":{"line":75,"column":9},"end":{"line":85,"column":5}}},"7":{"name":"(anonymous_7)","decl":{"start":{"line":87,"column":4},"end":{"line":87,"column":9}},"loc":{"start":{"line":94,"column":9},"end":{"line":105,"column":5}}},"8":{"name":"(anonymous_8)","decl":{"start":{"line":107,"column":4},"end":{"line":107,"column":9}},"loc":{"start":{"line":114,"column":9},"end":{"line":125,"column":5}}},"9":{"name":"(anonymous_9)","decl":{"start":{"line":127,"column":4},"end":{"line":127,"column":9}},"loc":{"start":{"line":127,"column":75},"end":{"line":142,"column":5}}},"10":{"name":"(anonymous_10)","decl":{"start":{"line":144,"column":4},"end":{"line":144,"column":9}},"loc":{"start":{"line":144,"column":67},"end":{"line":149,"column":5}}},"11":{"name":"(anonymous_11)","decl":{"start":{"line":151,"column":4},"end":{"line":151,"column":9}},"loc":{"start":{"line":151,"column":55},"end":{"line":162,"column":5}}}},"branchMap":{"0":{"loc":{"start":{"line":33,"column":73},"end":{"line":33,"column":86}},"type":"default-arg","locations":[{"start":{"line":33,"column":85},"end":{"line":33,"column":86}}]}},"s":{"0":1,"1":1,"2":14,"3":14,"4":14,"5":0,"6":14,"7":14,"8":14,"9":14,"10":20,"11":12,"12":2,"13":1,"14":7,"15":7,"16":3,"17":3,"18":1,"19":1,"20":1},"f":{"0":14,"1":14,"2":0,"3":14,"4":14,"5":20,"6":12,"7":2,"8":1,"9":7,"10":3,"11":1},"b":{"0":[14]}}
,"/Users/ben/Documents/Work/HS/Application/Tonsurance/Tonsurance/wrappers/GovernanceRewards.compile.ts": {"path":"/Users/ben/Documents/Work/HS/Application/Tonsurance/Tonsurance/wrappers/GovernanceRewards.compile.ts","statementMap":{"0":{"start":{"line":3,"column":13},"end":{"line":6,"column":2}}},"fnMap":{},"branchMap":{},"s":{"0":1},"f":{},"b":{}}
,"/Users/ben/Documents/Work/HS/Application/Tonsurance/Tonsurance/wrappers/GovernanceRewards.ts": {"path":"/Users/ben/Documents/Work/HS/Application/Tonsurance/Tonsurance/wrappers/GovernanceRewards.ts","statementMap":{"0":{"start":{"line":13,"column":0},"end":{"line":13,"column":16}},"1":{"start":{"line":1,"column":0},"end":{"line":1,"column":116}},"2":{"start":{"line":14,"column":4},"end":{"line":24,"column":19}},"3":{"start":{"line":29,"column":17},"end":{"line":29,"column":33}},"4":{"start":{"line":30,"column":17},"end":{"line":30,"column":50}},"5":{"start":{"line":34,"column":8},"end":{"line":34,"column":46}},"6":{"start":{"line":38,"column":21},"end":{"line":38,"column":58}},"7":{"start":{"line":39,"column":21},"end":{"line":39,"column":35}},"8":{"start":{"line":40,"column":8},"end":{"line":40,"column":77}},"9":{"start":{"line":44,"column":8},"end":{"line":48,"column":11}},"10":{"start":{"line":59,"column":8},"end":{"line":66,"column":11}},"11":{"start":{"line":80,"column":8},"end":{"line":90,"column":11}},"12":{"start":{"line":101,"column":8},"end":{"line":108,"column":11}},"13":{"start":{"line":112,"column":8},"end":{"line":118,"column":11}},"14":{"start":{"line":126,"column":23},"end":{"line":128,"column":10}},"15":{"start":{"line":129,"column":8},"end":{"line":133,"column":10}},"16":{"start":{"line":137,"column":23},"end":{"line":139,"column":10}},"17":{"start":{"line":140,"column":8},"end":{"line":140,"column":44}},"18":{"start":{"line":147,"column":23},"end":{"line":147,"column":68}},"19":{"start":{"line":148,"column":8},"end":{"line":151,"column":10}},"20":{"start":{"line":155,"column":23},"end":{"line":155,"column":69}},"21":{"start":{"line":156,"column":8},"end":{"line":156,"column":44}},"22":{"start":{"line":27,"column":0},"end":{"line":27,"column":13}}},"fnMap":{"0":{"name":"governanceRewardsConfigToCell","decl":{"start":{"line":13,"column":16},"end":{"line":13,"column":45}},"loc":{"start":{"line":13,"column":77},"end":{"line":25,"column":1}}},"1":{"name":"(anonymous_1)","decl":{"start":{"line":28,"column":4},"end":{"line":28,"column":null}},"loc":{"start":{"line":30,"column":50},"end":{"line":31,"column":8}}},"2":{"name":"(anonymous_2)","decl":{"start":{"line":33,"column":4},"end":{"line":33,"column":10}},"loc":{"start":{"line":33,"column":45},"end":{"line":35,"column":5}}},"3":{"name":"(anonymous_3)","decl":{"start":{"line":37,"column":4},"end":{"line":37,"column":10}},"loc":{"start":{"line":37,"column":86},"end":{"line":41,"column":5}}},"4":{"name":"(anonymous_4)","decl":{"start":{"line":43,"column":4},"end":{"line":43,"column":9}},"loc":{"start":{"line":43,"column":75},"end":{"line":49,"column":5}}},"5":{"name":"(anonymous_5)","decl":{"start":{"line":51,"column":4},"end":{"line":51,"column":9}},"loc":{"start":{"line":57,"column":9},"end":{"line":67,"column":5}}},"6":{"name":"(anonymous_6)","decl":{"start":{"line":69,"column":4},"end":{"line":69,"column":9}},"loc":{"start":{"line":78,"column":9},"end":{"line":91,"column":5}}},"7":{"name":"(anonymous_7)","decl":{"start":{"line":93,"column":4},"end":{"line":93,"column":9}},"loc":{"start":{"line":99,"column":9},"end":{"line":109,"column":5}}},"8":{"name":"(anonymous_8)","decl":{"start":{"line":111,"column":4},"end":{"line":111,"column":9}},"loc":{"start":{"line":111,"column":81},"end":{"line":119,"column":5}}},"9":{"name":"(anonymous_9)","decl":{"start":{"line":121,"column":4},"end":{"line":121,"column":9}},"loc":{"start":{"line":121,"column":66},"end":{"line":134,"column":5}}},"10":{"name":"(anonymous_10)","decl":{"start":{"line":136,"column":4},"end":{"line":136,"column":9}},"loc":{"start":{"line":136,"column":70},"end":{"line":141,"column":5}}},"11":{"name":"(anonymous_11)","decl":{"start":{"line":143,"column":4},"end":{"line":143,"column":9}},"loc":{"start":{"line":143,"column":54},"end":{"line":152,"column":5}}},"12":{"name":"(anonymous_12)","decl":{"start":{"line":154,"column":4},"end":{"line":154,"column":9}},"loc":{"start":{"line":154,"column":54},"end":{"line":157,"column":5}}}},"branchMap":{"0":{"loc":{"start":{"line":37,"column":73},"end":{"line":37,"column":86}},"type":"default-arg","locations":[{"start":{"line":37,"column":85},"end":{"line":37,"column":86}}]},"1":{"loc":{"start":{"line":87,"column":27},"end":{"line":87,"column":57}},"type":"cond-expr","locations":[{"start":{"line":87,"column":52},"end":{"line":87,"column":53}},{"start":{"line":87,"column":56},"end":{"line":87,"column":57}}]}},"s":{"0":1,"1":1,"2":13,"3":13,"4":13,"5":0,"6":13,"7":13,"8":13,"9":13,"10":13,"11":14,"12":13,"13":1,"14":10,"15":10,"16":2,"17":2,"18":0,"19":0,"20":1,"21":1,"22":1},"f":{"0":13,"1":13,"2":0,"3":13,"4":13,"5":13,"6":14,"7":13,"8":1,"9":10,"10":2,"11":0,"12":1},"b":{"0":[13],"1":[11,3]}}
,"/Users/ben/Documents/Work/HS/Application/Tonsurance/Tonsurance/wrappers/HedgeCoordinator.ts": {"path":"/Users/ben/Documents/Work/HS/Application/Tonsurance/Tonsurance/wrappers/HedgeCoordinator.ts","statementMap":{"0":{"start":{"line":48,"column":0},"end":{"line":48,"column":16}},"1":{"start":{"line":1,"column":0},"end":{"line":1,"column":null}},"2":{"start":{"line":17,"column":0},"end":{"line":17,"column":null}},"3":{"start":{"line":18,"column":4},"end":{"line":18,"column":null}},"4":{"start":{"line":19,"column":4},"end":{"line":19,"column":null}},"5":{"start":{"line":20,"column":4},"end":{"line":20,"column":null}},"6":{"start":{"line":23,"column":0},"end":{"line":23,"column":null}},"7":{"start":{"line":24,"column":4},"end":{"line":24,"column":null}},"8":{"start":{"line":25,"column":4},"end":{"line":25,"column":null}},"9":{"start":{"line":26,"column":4},"end":{"line":26,"column":null}},"10":{"start":{"line":27,"column":4},"end":{"line":27,"column":null}},"11":{"start":{"line":28,"column":4},"end":{"line":28,"column":null}},"12":{"start":{"line":49,"column":4},"end":{"line":55,"column":19}},"13":{"start":{"line":60,"column":17},"end":{"line":60,"column":33}},"14":{"start":{"line":61,"column":17},"end":{"line":61,"column":50}},"15":{"start":{"line":65,"column":8},"end":{"line":65,"column":45}},"16":{"start":{"line":69,"column":21},"end":{"line":69,"column":57}},"17":{"start":{"line":70,"column":21},"end":{"line":70,"column":35}},"18":{"start":{"line":71,"column":8},"end":{"line":71,"column":76}},"19":{"start":{"line":75,"column":8},"end":{"line":79,"column":11}},"20":{"start":{"line":95,"column":31},"end":{"line":95,"column":119}},"21":{"start":{"line":97,"column":8},"end":{"line":108,"column":11}},"22":{"start":{"line":122,"column":8},"end":{"line":132,"column":11}},"23":{"start":{"line":146,"column":8},"end":{"line":156,"column":11}},"24":{"start":{"line":167,"column":8},"end":{"line":174,"column":11}},"25":{"start":{"line":185,"column":8},"end":{"line":192,"column":11}},"26":{"start":{"line":203,"column":8},"end":{"line":210,"column":11}},"27":{"start":{"line":214,"column":23},"end":{"line":216,"column":10}},"28":{"start":{"line":218,"column":8},"end":{"line":225,"column":10}},"29":{"start":{"line":232,"column":23},"end":{"line":234,"column":10}},"30":{"start":{"line":236,"column":8},"end":{"line":242,"column":10}},"31":{"start":{"line":246,"column":23},"end":{"line":248,"column":10}},"32":{"start":{"line":250,"column":8},"end":{"line":250,"column":44}},"33":{"start":{"line":257,"column":23},"end":{"line":259,"column":10}},"34":{"start":{"line":261,"column":8},"end":{"line":261,"column":42}},"35":{"start":{"line":265,"column":23},"end":{"line":265,"column":66}},"36":{"start":{"line":266,"column":8},"end":{"line":266,"column":42}},"37":{"start":{"line":270,"column":23},"end":{"line":270,"column":68}},"38":{"start":{"line":271,"column":8},"end":{"line":271,"column":42}},"39":{"start":{"line":58,"column":0},"end":{"line":58,"column":13}}},"fnMap":{"0":{"name":"(anonymous_0)","decl":{"start":{"line":17,"column":0},"end":{"line":17,"column":12}},"loc":{"start":{"line":17,"column":21},"end":{"line":21,"column":1}}},"1":{"name":"(anonymous_1)","decl":{"start":{"line":23,"column":0},"end":{"line":23,"column":12}},"loc":{"start":{"line":23,"column":23},"end":{"line":29,"column":1}}},"2":{"name":"hedgeCoordinatorConfigToCell","decl":{"start":{"line":48,"column":16},"end":{"line":48,"column":44}},"loc":{"start":{"line":48,"column":75},"end":{"line":56,"column":1}}},"3":{"name":"(anonymous_3)","decl":{"start":{"line":59,"column":4},"end":{"line":59,"column":null}},"loc":{"start":{"line":61,"column":50},"end":{"line":62,"column":8}}},"4":{"name":"(anonymous_4)","decl":{"start":{"line":64,"column":4},"end":{"line":64,"column":10}},"loc":{"start":{"line":64,"column":45},"end":{"line":66,"column":5}}},"5":{"name":"(anonymous_5)","decl":{"start":{"line":68,"column":4},"end":{"line":68,"column":10}},"loc":{"start":{"line":68,"column":85},"end":{"line":72,"column":5}}},"6":{"name":"(anonymous_6)","decl":{"start":{"line":74,"column":4},"end":{"line":74,"column":9}},"loc":{"start":{"line":74,"column":75},"end":{"line":80,"column":5}}},"7":{"name":"(anonymous_7)","decl":{"start":{"line":82,"column":4},"end":{"line":82,"column":9}},"loc":{"start":{"line":92,"column":9},"end":{"line":109,"column":5}}},"8":{"name":"(anonymous_8)","decl":{"start":{"line":111,"column":4},"end":{"line":111,"column":9}},"loc":{"start":{"line":120,"column":9},"end":{"line":133,"column":5}}},"9":{"name":"(anonymous_9)","decl":{"start":{"line":135,"column":4},"end":{"line":135,"column":9}},"loc":{"start":{"line":144,"column":9},"end":{"line":157,"column":5}}},"10":{"name":"(anonymous_10)","decl":{"start":{"line":159,"column":4},"end":{"line":159,"column":9}},"loc":{"start":{"line":165,"column":9},"end":{"line":175,"column":5}}},"11":{"name":"(anonymous_11)","decl":{"start":{"line":177,"column":4},"end":{"line":177,"column":9}},"loc":{"start":{"line":183,"column":9},"end":{"line":193,"column":5}}},"12":{"name":"(anonymous_12)","decl":{"start":{"line":195,"column":4},"end":{"line":195,"column":9}},"loc":{"start":{"line":201,"column":9},"end":{"line":211,"column":5}}},"13":{"name":"(anonymous_13)","decl":{"start":{"line":213,"column":4},"end":{"line":213,"column":9}},"loc":{"start":{"line":213,"column":71},"end":{"line":226,"column":5}}},"14":{"name":"(anonymous_14)","decl":{"start":{"line":228,"column":4},"end":{"line":228,"column":9}},"loc":{"start":{"line":230,"column":24},"end":{"line":243,"column":5}}},"15":{"name":"(anonymous_15)","decl":{"start":{"line":245,"column":4},"end":{"line":245,"column":9}},"loc":{"start":{"line":245,"column":82},"end":{"line":251,"column":5}}},"16":{"name":"(anonymous_16)","decl":{"start":{"line":253,"column":4},"end":{"line":253,"column":9}},"loc":{"start":{"line":255,"column":30},"end":{"line":262,"column":5}}},"17":{"name":"(anonymous_17)","decl":{"start":{"line":264,"column":4},"end":{"line":264,"column":9}},"loc":{"start":{"line":264,"column":52},"end":{"line":267,"column":5}}},"18":{"name":"(anonymous_18)","decl":{"start":{"line":269,"column":4},"end":{"line":269,"column":9}},"loc":{"start":{"line":269,"column":54},"end":{"line":272,"column":5}}}},"branchMap":{"0":{"loc":{"start":{"line":17,"column":12},"end":{"line":17,"column":null}},"type":"binary-expr","locations":[{"start":{"line":17,"column":12},"end":{"line":17,"column":21}},{"start":{"line":17,"column":21},"end":{"line":17,"column":null}}]},"1":{"loc":{"start":{"line":23,"column":12},"end":{"line":23,"column":null}},"type":"binary-expr","locations":[{"start":{"line":23,"column":12},"end":{"line":23,"column":23}},{"start":{"line":23,"column":23},"end":{"line":23,"column":null}}]},"2":{"loc":{"start":{"line":68,"column":72},"end":{"line":68,"column":85}},"type":"default-arg","locations":[{"start":{"line":68,"column":84},"end":{"line":68,"column":85}}]}},"s":{"0":1,"1":1,"2":1,"3":1,"4":1,"5":1,"6":1,"7":1,"8":1,"9":1,"10":1,"11":1,"12":0,"13":14,"14":14,"15":0,"16":0,"17":0,"18":0,"19":0,"20":0,"21":0,"22":0,"23":0,"24":0,"25":0,"26":0,"27":17,"28":16,"29":0,"30":0,"31":0,"32":0,"33":0,"34":0,"35":0,"36":0,"37":0,"38":0,"39":1},"f":{"0":1,"1":1,"2":0,"3":14,"4":0,"5":0,"6":0,"7":0,"8":0,"9":0,"10":0,"11":0,"12":0,"13":17,"14":0,"15":0,"16":0,"17":0,"18":0},"b":{"0":[1,1],"1":[1,1],"2":[0]}}
,"/Users/ben/Documents/Work/HS/Application/Tonsurance/Tonsurance/wrappers/HedgedPolicyFactory.ts": {"path":"/Users/ben/Documents/Work/HS/Application/Tonsurance/Tonsurance/wrappers/HedgedPolicyFactory.ts","statementMap":{"0":{"start":{"line":35,"column":0},"end":{"line":35,"column":16}},"1":{"start":{"line":1,"column":0},"end":{"line":1,"column":null}},"2":{"start":{"line":36,"column":24},"end":{"line":40,"column":18}},"3":{"start":{"line":42,"column":4},"end":{"line":51,"column":19}},"4":{"start":{"line":56,"column":17},"end":{"line":56,"column":33}},"5":{"start":{"line":57,"column":17},"end":{"line":57,"column":50}},"6":{"start":{"line":61,"column":8},"end":{"line":61,"column":48}},"7":{"start":{"line":65,"column":21},"end":{"line":65,"column":60}},"8":{"start":{"line":66,"column":21},"end":{"line":66,"column":35}},"9":{"start":{"line":67,"column":8},"end":{"line":67,"column":79}},"10":{"start":{"line":71,"column":8},"end":{"line":75,"column":11}},"11":{"start":{"line":91,"column":8},"end":{"line":103,"column":11}},"12":{"start":{"line":114,"column":8},"end":{"line":121,"column":11}},"13":{"start":{"line":132,"column":8},"end":{"line":139,"column":11}},"14":{"start":{"line":150,"column":8},"end":{"line":157,"column":11}},"15":{"start":{"line":161,"column":23},"end":{"line":163,"column":10}},"16":{"start":{"line":165,"column":8},"end":{"line":174,"column":10}},"17":{"start":{"line":178,"column":23},"end":{"line":178,"column":67}},"18":{"start":{"line":179,"column":8},"end":{"line":179,"column":44}},"19":{"start":{"line":183,"column":23},"end":{"line":183,"column":67}},"20":{"start":{"line":184,"column":8},"end":{"line":184,"column":44}},"21":{"start":{"line":188,"column":23},"end":{"line":188,"column":69}},"22":{"start":{"line":189,"column":8},"end":{"line":189,"column":52}},"23":{"start":{"line":193,"column":23},"end":{"line":193,"column":67}},"24":{"start":{"line":194,"column":8},"end":{"line":194,"column":42}},"25":{"start":{"line":198,"column":23},"end":{"line":198,"column":70}},"26":{"start":{"line":199,"column":8},"end":{"line":199,"column":42}},"27":{"start":{"line":203,"column":23},"end":{"line":203,"column":66}},"28":{"start":{"line":204,"column":8},"end":{"line":204,"column":42}},"29":{"start":{"line":54,"column":0},"end":{"line":54,"column":13}}},"fnMap":{"0":{"name":"hedgedPolicyFactoryConfigToCell","decl":{"start":{"line":35,"column":16},"end":{"line":35,"column":47}},"loc":{"start":{"line":35,"column":81},"end":{"line":52,"column":1}}},"1":{"name":"(anonymous_1)","decl":{"start":{"line":55,"column":4},"end":{"line":55,"column":null}},"loc":{"start":{"line":57,"column":50},"end":{"line":58,"column":8}}},"2":{"name":"(anonymous_2)","decl":{"start":{"line":60,"column":4},"end":{"line":60,"column":10}},"loc":{"start":{"line":60,"column":45},"end":{"line":62,"column":5}}},"3":{"name":"(anonymous_3)","decl":{"start":{"line":64,"column":4},"end":{"line":64,"column":10}},"loc":{"start":{"line":64,"column":88},"end":{"line":68,"column":5}}},"4":{"name":"(anonymous_4)","decl":{"start":{"line":70,"column":4},"end":{"line":70,"column":9}},"loc":{"start":{"line":70,"column":75},"end":{"line":76,"column":5}}},"5":{"name":"(anonymous_5)","decl":{"start":{"line":78,"column":4},"end":{"line":78,"column":9}},"loc":{"start":{"line":89,"column":9},"end":{"line":104,"column":5}}},"6":{"name":"(anonymous_6)","decl":{"start":{"line":106,"column":4},"end":{"line":106,"column":9}},"loc":{"start":{"line":112,"column":9},"end":{"line":122,"column":5}}},"7":{"name":"(anonymous_7)","decl":{"start":{"line":124,"column":4},"end":{"line":124,"column":9}},"loc":{"start":{"line":130,"column":9},"end":{"line":140,"column":5}}},"8":{"name":"(anonymous_8)","decl":{"start":{"line":142,"column":4},"end":{"line":142,"column":9}},"loc":{"start":{"line":148,"column":9},"end":{"line":158,"column":5}}},"9":{"name":"(anonymous_9)","decl":{"start":{"line":160,"column":4},"end":{"line":160,"column":9}},"loc":{"start":{"line":160,"column":64},"end":{"line":175,"column":5}}},"10":{"name":"(anonymous_10)","decl":{"start":{"line":177,"column":4},"end":{"line":177,"column":9}},"loc":{"start":{"line":177,"column":52},"end":{"line":180,"column":5}}},"11":{"name":"(anonymous_11)","decl":{"start":{"line":182,"column":4},"end":{"line":182,"column":9}},"loc":{"start":{"line":182,"column":53},"end":{"line":185,"column":5}}},"12":{"name":"(anonymous_12)","decl":{"start":{"line":187,"column":4},"end":{"line":187,"column":9}},"loc":{"start":{"line":187,"column":55},"end":{"line":190,"column":5}}},"13":{"name":"(anonymous_13)","decl":{"start":{"line":192,"column":4},"end":{"line":192,"column":9}},"loc":{"start":{"line":192,"column":53},"end":{"line":195,"column":5}}},"14":{"name":"(anonymous_14)","decl":{"start":{"line":197,"column":4},"end":{"line":197,"column":9}},"loc":{"start":{"line":197,"column":56},"end":{"line":200,"column":5}}},"15":{"name":"(anonymous_15)","decl":{"start":{"line":202,"column":4},"end":{"line":202,"column":9}},"loc":{"start":{"line":202,"column":52},"end":{"line":205,"column":5}}}},"branchMap":{"0":{"loc":{"start":{"line":64,"column":75},"end":{"line":64,"column":88}},"type":"default-arg","locations":[{"start":{"line":64,"column":87},"end":{"line":64,"column":88}}]}},"s":{"0":1,"1":1,"2":0,"3":0,"4":14,"5":14,"6":0,"7":0,"8":0,"9":0,"10":0,"11":0,"12":0,"13":0,"14":0,"15":19,"16":19,"17":14,"18":14,"19":0,"20":0,"21":0,"22":0,"23":0,"24":0,"25":0,"26":0,"27":0,"28":0,"29":1},"f":{"0":0,"1":14,"2":0,"3":0,"4":0,"5":0,"6":0,"7":0,"8":0,"9":19,"10":14,"11":0,"12":0,"13":0,"14":0,"15":0},"b":{"0":[0]}}
,"/Users/ben/Documents/Work/HS/Application/Tonsurance/Tonsurance/wrappers/JettonWallet.compile.ts": {"path":"/Users/ben/Documents/Work/HS/Application/Tonsurance/Tonsurance/wrappers/JettonWallet.compile.ts","statementMap":{"0":{"start":{"line":3,"column":13},"end":{"line":6,"column":2}}},"fnMap":{},"branchMap":{},"s":{"0":4},"f":{},"b":{}}
,"/Users/ben/Documents/Work/HS/Application/Tonsurance/Tonsurance/wrappers/OracleRewards.compile.ts": {"path":"/Users/ben/Documents/Work/HS/Application/Tonsurance/Tonsurance/wrappers/OracleRewards.compile.ts","statementMap":{"0":{"start":{"line":3,"column":13},"end":{"line":6,"column":2}}},"fnMap":{},"branchMap":{},"s":{"0":1},"f":{},"b":{}}
,"/Users/ben/Documents/Work/HS/Application/Tonsurance/Tonsurance/wrappers/OracleRewards.ts": {"path":"/Users/ben/Documents/Work/HS/Application/Tonsurance/Tonsurance/wrappers/OracleRewards.ts","statementMap":{"0":{"start":{"line":12,"column":0},"end":{"line":12,"column":16}},"1":{"start":{"line":1,"column":0},"end":{"line":1,"column":116}},"2":{"start":{"line":13,"column":4},"end":{"line":22,"column":19}},"3":{"start":{"line":27,"column":17},"end":{"line":27,"column":33}},"4":{"start":{"line":28,"column":17},"end":{"line":28,"column":50}},"5":{"start":{"line":32,"column":8},"end":{"line":32,"column":42}},"6":{"start":{"line":36,"column":21},"end":{"line":36,"column":54}},"7":{"start":{"line":37,"column":21},"end":{"line":37,"column":35}},"8":{"start":{"line":38,"column":8},"end":{"line":38,"column":73}},"9":{"start":{"line":42,"column":8},"end":{"line":46,"column":11}},"10":{"start":{"line":57,"column":8},"end":{"line":64,"column":11}},"11":{"start":{"line":77,"column":8},"end":{"line":86,"column":11}},"12":{"start":{"line":97,"column":8},"end":{"line":104,"column":11}},"13":{"start":{"line":108,"column":8},"end":{"line":114,"column":11}},"14":{"start":{"line":122,"column":23},"end":{"line":124,"column":10}},"15":{"start":{"line":125,"column":8},"end":{"line":129,"column":10}},"16":{"start":{"line":133,"column":23},"end":{"line":135,"column":10}},"17":{"start":{"line":136,"column":8},"end":{"line":136,"column":44}},"18":{"start":{"line":143,"column":23},"end":{"line":143,"column":68}},"19":{"start":{"line":144,"column":8},"end":{"line":147,"column":10}},"20":{"start":{"line":25,"column":0},"end":{"line":25,"column":13}}},"fnMap":{"0":{"name":"oracleRewardsConfigToCell","decl":{"start":{"line":12,"column":16},"end":{"line":12,"column":41}},"loc":{"start":{"line":12,"column":69},"end":{"line":23,"column":1}}},"1":{"name":"(anonymous_1)","decl":{"start":{"line":26,"column":4},"end":{"line":26,"column":null}},"loc":{"start":{"line":28,"column":50},"end":{"line":29,"column":8}}},"2":{"name":"(anonymous_2)","decl":{"start":{"line":31,"column":4},"end":{"line":31,"column":10}},"loc":{"start":{"line":31,"column":45},"end":{"line":33,"column":5}}},"3":{"name":"(anonymous_3)","decl":{"start":{"line":35,"column":4},"end":{"line":35,"column":10}},"loc":{"start":{"line":35,"column":82},"end":{"line":39,"column":5}}},"4":{"name":"(anonymous_4)","decl":{"start":{"line":41,"column":4},"end":{"line":41,"column":9}},"loc":{"start":{"line":41,"column":75},"end":{"line":47,"column":5}}},"5":{"name":"(anonymous_5)","decl":{"start":{"line":49,"column":4},"end":{"line":49,"column":9}},"loc":{"start":{"line":55,"column":9},"end":{"line":65,"column":5}}},"6":{"name":"(anonymous_6)","decl":{"start":{"line":67,"column":4},"end":{"line":67,"column":9}},"loc":{"start":{"line":75,"column":9},"end":{"line":87,"column":5}}},"7":{"name":"(anonymous_7)","decl":{"start":{"line":89,"column":4},"end":{"line":89,"column":9}},"loc":{"start":{"line":95,"column":9},"end":{"line":105,"column":5}}},"8":{"name":"(anonymous_8)","decl":{"start":{"line":107,"column":4},"end":{"line":107,"column":9}},"loc":{"start":{"line":107,"column":81},"end":{"line":115,"column":5}}},"9":{"name":"(anonymous_9)","decl":{"start":{"line":117,"column":4},"end":{"line":117,"column":9}},"loc":{"start":{"line":117,"column":68},"end":{"line":130,"column":5}}},"10":{"name":"(anonymous_10)","decl":{"start":{"line":132,"column":4},"end":{"line":132,"column":9}},"loc":{"start":{"line":132,"column":71},"end":{"line":137,"column":5}}},"11":{"name":"(anonymous_11)","decl":{"start":{"line":139,"column":4},"end":{"line":139,"column":9}},"loc":{"start":{"line":139,"column":54},"end":{"line":148,"column":5}}}},"branchMap":{"0":{"loc":{"start":{"line":35,"column":69},"end":{"line":35,"column":82}},"type":"default-arg","locations":[{"start":{"line":35,"column":81},"end":{"line":35,"column":82}}]},"1":{"loc":{"start":{"line":84,"column":27},"end":{"line":84,"column":47}},"type":"cond-expr","locations":[{"start":{"line":84,"column":42},"end":{"line":84,"column":43}},{"start":{"line":84,"column":46},"end":{"line":84,"column":47}}]}},"s":{"0":1,"1":1,"2":12,"3":12,"4":12,"5":0,"6":12,"7":12,"8":12,"9":12,"10":13,"11":15,"12":16,"13":1,"14":7,"15":7,"16":3,"17":3,"18":1,"19":1,"20":1},"f":{"0":12,"1":12,"2":0,"3":12,"4":12,"5":13,"6":15,"7":16,"8":1,"9":7,"10":3,"11":1},"b":{"0":[12],"1":[1,14]}}
,"/Users/ben/Documents/Work/HS/Application/Tonsurance/Tonsurance/wrappers/PolicyFactory.compile.ts": {"path":"/Users/ben/Documents/Work/HS/Application/Tonsurance/Tonsurance/wrappers/PolicyFactory.compile.ts","statementMap":{"0":{"start":{"line":3,"column":13},"end":{"line":6,"column":2}}},"fnMap":{},"branchMap":{},"s":{"0":1},"f":{},"b":{}}
,"/Users/ben/Documents/Work/HS/Application/Tonsurance/Tonsurance/wrappers/PolicyFactory.ts": {"path":"/Users/ben/Documents/Work/HS/Application/Tonsurance/Tonsurance/wrappers/PolicyFactory.ts","statementMap":{"0":{"start":{"line":12,"column":0},"end":{"line":12,"column":16}},"1":{"start":{"line":1,"column":0},"end":{"line":1,"column":128}},"2":{"start":{"line":13,"column":4},"end":{"line":21,"column":19}},"3":{"start":{"line":26,"column":17},"end":{"line":26,"column":33}},"4":{"start":{"line":27,"column":17},"end":{"line":27,"column":50}},"5":{"start":{"line":31,"column":8},"end":{"line":31,"column":42}},"6":{"start":{"line":35,"column":21},"end":{"line":35,"column":54}},"7":{"start":{"line":36,"column":21},"end":{"line":36,"column":35}},"8":{"start":{"line":37,"column":8},"end":{"line":37,"column":73}},"9":{"start":{"line":41,"column":8},"end":{"line":45,"column":11}},"10":{"start":{"line":58,"column":8},"end":{"line":67,"column":11}},"11":{"start":{"line":78,"column":8},"end":{"line":85,"column":11}},"12":{"start":{"line":96,"column":8},"end":{"line":103,"column":11}},"13":{"start":{"line":107,"column":23},"end":{"line":107,"column":75}},"14":{"start":{"line":108,"column":8},"end":{"line":108,"column":44}},"15":{"start":{"line":119,"column":23},"end":{"line":121,"column":10}},"16":{"start":{"line":123,"column":8},"end":{"line":130,"column":10}},"17":{"start":{"line":139,"column":23},"end":{"line":143,"column":10}},"18":{"start":{"line":144,"column":8},"end":{"line":144,"column":44}},"19":{"start":{"line":24,"column":0},"end":{"line":24,"column":13}}},"fnMap":{"0":{"name":"policyFactoryConfigToCell","decl":{"start":{"line":12,"column":16},"end":{"line":12,"column":41}},"loc":{"start":{"line":12,"column":69},"end":{"line":22,"column":1}}},"1":{"name":"(anonymous_1)","decl":{"start":{"line":25,"column":4},"end":{"line":25,"column":null}},"loc":{"start":{"line":27,"column":50},"end":{"line":28,"column":8}}},"2":{"name":"(anonymous_2)","decl":{"start":{"line":30,"column":4},"end":{"line":30,"column":10}},"loc":{"start":{"line":30,"column":45},"end":{"line":32,"column":5}}},"3":{"name":"(anonymous_3)","decl":{"start":{"line":34,"column":4},"end":{"line":34,"column":10}},"loc":{"start":{"line":34,"column":82},"end":{"line":38,"column":5}}},"4":{"name":"(anonymous_4)","decl":{"start":{"line":40,"column":4},"end":{"line":40,"column":9}},"loc":{"start":{"line":40,"column":75},"end":{"line":46,"column":5}}},"5":{"name":"(anonymous_5)","decl":{"start":{"line":48,"column":4},"end":{"line":48,"column":9}},"loc":{"start":{"line":56,"column":9},"end":{"line":68,"column":5}}},"6":{"name":"(anonymous_6)","decl":{"start":{"line":70,"column":4},"end":{"line":70,"column":9}},"loc":{"start":{"line":76,"column":9},"end":{"line":86,"column":5}}},"7":{"name":"(anonymous_7)","decl":{"start":{"line":88,"column":4},"end":{"line":88,"column":9}},"loc":{"start":{"line":94,"column":9},"end":{"line":104,"column":5}}},"8":{"name":"(anonymous_8)","decl":{"start":{"line":106,"column":4},"end":{"line":106,"column":9}},"loc":{"start":{"line":106,"column":60},"end":{"line":109,"column":5}}},"9":{"name":"(anonymous_9)","decl":{"start":{"line":111,"column":4},"end":{"line":111,"column":9}},"loc":{"start":{"line":111,"column":68},"end":{"line":131,"column":5}}},"10":{"name":"(anonymous_10)","decl":{"start":{"line":133,"column":4},"end":{"line":133,"column":9}},"loc":{"start":{"line":137,"column":28},"end":{"line":145,"column":5}}}},"branchMap":{"0":{"loc":{"start":{"line":34,"column":69},"end":{"line":34,"column":82}},"type":"default-arg","locations":[{"start":{"line":34,"column":81},"end":{"line":34,"column":82}}]}},"s":{"0":1,"1":1,"2":14,"3":14,"4":14,"5":0,"6":14,"7":14,"8":14,"9":14,"10":8,"11":2,"12":1,"13":4,"14":4,"15":3,"16":3,"17":9,"18":9,"19":1},"f":{"0":14,"1":14,"2":0,"3":14,"4":14,"5":8,"6":2,"7":1,"8":4,"9":3,"10":9},"b":{"0":[14]}}
,"/Users/ben/Documents/Work/HS/Application/Tonsurance/Tonsurance/wrappers/PriceOracle.compile.ts": {"path":"/Users/ben/Documents/Work/HS/Application/Tonsurance/Tonsurance/wrappers/PriceOracle.compile.ts","statementMap":{"0":{"start":{"line":3,"column":13},"end":{"line":6,"column":2}}},"fnMap":{},"branchMap":{},"s":{"0":1},"f":{},"b":{}}
,"/Users/ben/Documents/Work/HS/Application/Tonsurance/Tonsurance/wrappers/PriceOracle.ts": {"path":"/Users/ben/Documents/Work/HS/Application/Tonsurance/Tonsurance/wrappers/PriceOracle.ts","statementMap":{"0":{"start":{"line":10,"column":0},"end":{"line":10,"column":16}},"1":{"start":{"line":1,"column":0},"end":{"line":1,"column":116}},"2":{"start":{"line":11,"column":4},"end":{"line":18,"column":19}},"3":{"start":{"line":23,"column":17},"end":{"line":23,"column":33}},"4":{"start":{"line":24,"column":17},"end":{"line":24,"column":50}},"5":{"start":{"line":28,"column":8},"end":{"line":28,"column":40}},"6":{"start":{"line":32,"column":21},"end":{"line":32,"column":52}},"7":{"start":{"line":33,"column":21},"end":{"line":33,"column":35}},"8":{"start":{"line":34,"column":8},"end":{"line":34,"column":71}},"9":{"start":{"line":38,"column":8},"end":{"line":42,"column":11}},"10":{"start":{"line":53,"column":8},"end":{"line":60,"column":11}},"11":{"start":{"line":74,"column":8},"end":{"line":84,"column":11}},"12":{"start":{"line":95,"column":8},"end":{"line":102,"column":11}},"13":{"start":{"line":110,"column":23},"end":{"line":112,"column":10}},"14":{"start":{"line":113,"column":8},"end":{"line":117,"column":10}},"15":{"start":{"line":121,"column":23},"end":{"line":123,"column":10}},"16":{"start":{"line":124,"column":8},"end":{"line":124,"column":44}},"17":{"start":{"line":128,"column":23},"end":{"line":130,"column":10}},"18":{"start":{"line":131,"column":8},"end":{"line":131,"column":42}},"19":{"start":{"line":139,"column":23},"end":{"line":141,"column":10}},"20":{"start":{"line":142,"column":8},"end":{"line":146,"column":10}},"21":{"start":{"line":150,"column":23},"end":{"line":150,"column":69}},"22":{"start":{"line":151,"column":8},"end":{"line":151,"column":41}},"23":{"start":{"line":155,"column":23},"end":{"line":155,"column":66}},"24":{"start":{"line":156,"column":8},"end":{"line":156,"column":41}},"25":{"start":{"line":21,"column":0},"end":{"line":21,"column":13}}},"fnMap":{"0":{"name":"priceOracleConfigToCell","decl":{"start":{"line":10,"column":16},"end":{"line":10,"column":39}},"loc":{"start":{"line":10,"column":65},"end":{"line":19,"column":1}}},"1":{"name":"(anonymous_1)","decl":{"start":{"line":22,"column":4},"end":{"line":22,"column":null}},"loc":{"start":{"line":24,"column":50},"end":{"line":25,"column":8}}},"2":{"name":"(anonymous_2)","decl":{"start":{"line":27,"column":4},"end":{"line":27,"column":10}},"loc":{"start":{"line":27,"column":45},"end":{"line":29,"column":5}}},"3":{"name":"(anonymous_3)","decl":{"start":{"line":31,"column":4},"end":{"line":31,"column":10}},"loc":{"start":{"line":31,"column":80},"end":{"line":35,"column":5}}},"4":{"name":"(anonymous_4)","decl":{"start":{"line":37,"column":4},"end":{"line":37,"column":9}},"loc":{"start":{"line":37,"column":75},"end":{"line":43,"column":5}}},"5":{"name":"(anonymous_5)","decl":{"start":{"line":45,"column":4},"end":{"line":45,"column":9}},"loc":{"start":{"line":51,"column":9},"end":{"line":61,"column":5}}},"6":{"name":"(anonymous_6)","decl":{"start":{"line":63,"column":4},"end":{"line":63,"column":9}},"loc":{"start":{"line":72,"column":9},"end":{"line":85,"column":5}}},"7":{"name":"(anonymous_7)","decl":{"start":{"line":87,"column":4},"end":{"line":87,"column":9}},"loc":{"start":{"line":93,"column":9},"end":{"line":103,"column":5}}},"8":{"name":"(anonymous_8)","decl":{"start":{"line":105,"column":4},"end":{"line":105,"column":9}},"loc":{"start":{"line":105,"column":62},"end":{"line":118,"column":5}}},"9":{"name":"(anonymous_9)","decl":{"start":{"line":120,"column":4},"end":{"line":120,"column":9}},"loc":{"start":{"line":120,"column":68},"end":{"line":125,"column":5}}},"10":{"name":"(anonymous_10)","decl":{"start":{"line":127,"column":4},"end":{"line":127,"column":9}},"loc":{"start":{"line":127,"column":66},"end":{"line":132,"column":5}}},"11":{"name":"(anonymous_11)","decl":{"start":{"line":134,"column":4},"end":{"line":134,"column":9}},"loc":{"start":{"line":134,"column":68},"end":{"line":147,"column":5}}},"12":{"name":"(anonymous_12)","decl":{"start":{"line":149,"column":4},"end":{"line":149,"column":9}},"loc":{"start":{"line":149,"column":54},"end":{"line":152,"column":5}}},"13":{"name":"(anonymous_13)","decl":{"start":{"line":154,"column":4},"end":{"line":154,"column":9}},"loc":{"start":{"line":154,"column":51},"end":{"line":157,"column":5}}}},"branchMap":{"0":{"loc":{"start":{"line":31,"column":67},"end":{"line":31,"column":80}},"type":"default-arg","locations":[{"start":{"line":31,"column":79},"end":{"line":31,"column":80}}]}},"s":{"0":1,"1":1,"2":14,"3":14,"4":14,"5":0,"6":14,"7":14,"8":14,"9":14,"10":14,"11":22,"12":1,"13":1,"14":1,"15":5,"16":5,"17":3,"18":3,"19":3,"20":3,"21":1,"22":1,"23":1,"24":1,"25":1},"f":{"0":14,"1":14,"2":0,"3":14,"4":14,"5":14,"6":22,"7":1,"8":1,"9":5,"10":3,"11":3,"12":1,"13":1},"b":{"0":[14]}}
,"/Users/ben/Documents/Work/HS/Application/Tonsurance/Tonsurance/wrappers/PrimaryVault.compile.ts": {"path":"/Users/ben/Documents/Work/HS/Application/Tonsurance/Tonsurance/wrappers/PrimaryVault.compile.ts","statementMap":{"0":{"start":{"line":3,"column":13},"end":{"line":6,"column":2}}},"fnMap":{},"branchMap":{},"s":{"0":1},"f":{},"b":{}}
,"/Users/ben/Documents/Work/HS/Application/Tonsurance/Tonsurance/wrappers/PrimaryVault.ts": {"path":"/Users/ben/Documents/Work/HS/Application/Tonsurance/Tonsurance/wrappers/PrimaryVault.ts","statementMap":{"0":{"start":{"line":15,"column":0},"end":{"line":15,"column":16}},"1":{"start":{"line":1,"column":0},"end":{"line":1,"column":116}},"2":{"start":{"line":16,"column":4},"end":{"line":27,"column":19}},"3":{"start":{"line":32,"column":17},"end":{"line":32,"column":33}},"4":{"start":{"line":33,"column":17},"end":{"line":33,"column":50}},"5":{"start":{"line":37,"column":8},"end":{"line":37,"column":41}},"6":{"start":{"line":41,"column":21},"end":{"line":41,"column":53}},"7":{"start":{"line":42,"column":21},"end":{"line":42,"column":35}},"8":{"start":{"line":43,"column":8},"end":{"line":43,"column":72}},"9":{"start":{"line":47,"column":8},"end":{"line":51,"column":11}},"10":{"start":{"line":62,"column":8},"end":{"line":66,"column":11}},"11":{"start":{"line":77,"column":8},"end":{"line":84,"column":11}},"12":{"start":{"line":96,"column":8},"end":{"line":104,"column":11}},"13":{"start":{"line":116,"column":8},"end":{"line":124,"column":11}},"14":{"start":{"line":128,"column":23},"end":{"line":128,"column":66}},"15":{"start":{"line":129,"column":8},"end":{"line":129,"column":44}},"16":{"start":{"line":133,"column":23},"end":{"line":133,"column":69}},"17":{"start":{"line":134,"column":8},"end":{"line":134,"column":44}},"18":{"start":{"line":138,"column":23},"end":{"line":138,"column":65}},"19":{"start":{"line":139,"column":8},"end":{"line":139,"column":44}},"20":{"start":{"line":143,"column":23},"end":{"line":145,"column":10}},"21":{"start":{"line":146,"column":8},"end":{"line":146,"column":44}},"22":{"start":{"line":155,"column":23},"end":{"line":155,"column":64}},"23":{"start":{"line":156,"column":8},"end":{"line":161,"column":10}},"24":{"start":{"line":30,"column":0},"end":{"line":30,"column":13}}},"fnMap":{"0":{"name":"primaryVaultConfigToCell","decl":{"start":{"line":15,"column":16},"end":{"line":15,"column":40}},"loc":{"start":{"line":15,"column":67},"end":{"line":28,"column":1}}},"1":{"name":"(anonymous_1)","decl":{"start":{"line":31,"column":4},"end":{"line":31,"column":null}},"loc":{"start":{"line":33,"column":50},"end":{"line":34,"column":8}}},"2":{"name":"(anonymous_2)","decl":{"start":{"line":36,"column":4},"end":{"line":36,"column":10}},"loc":{"start":{"line":36,"column":45},"end":{"line":38,"column":5}}},"3":{"name":"(anonymous_3)","decl":{"start":{"line":40,"column":4},"end":{"line":40,"column":10}},"loc":{"start":{"line":40,"column":81},"end":{"line":44,"column":5}}},"4":{"name":"(anonymous_4)","decl":{"start":{"line":46,"column":4},"end":{"line":46,"column":9}},"loc":{"start":{"line":46,"column":75},"end":{"line":52,"column":5}}},"5":{"name":"(anonymous_5)","decl":{"start":{"line":54,"column":4},"end":{"line":54,"column":9}},"loc":{"start":{"line":60,"column":9},"end":{"line":67,"column":5}}},"6":{"name":"(anonymous_6)","decl":{"start":{"line":69,"column":4},"end":{"line":69,"column":9}},"loc":{"start":{"line":75,"column":9},"end":{"line":85,"column":5}}},"7":{"name":"(anonymous_7)","decl":{"start":{"line":87,"column":4},"end":{"line":87,"column":9}},"loc":{"start":{"line":94,"column":9},"end":{"line":105,"column":5}}},"8":{"name":"(anonymous_8)","decl":{"start":{"line":107,"column":4},"end":{"line":107,"column":9}},"loc":{"start":{"line":114,"column":9},"end":{"line":125,"column":5}}},"9":{"name":"(anonymous_9)","decl":{"start":{"line":127,"column":4},"end":{"line":127,"column":9}},"loc":{"start":{"line":127,"column":52},"end":{"line":130,"column":5}}},"10":{"name":"(anonymous_10)","decl":{"start":{"line":132,"column":4},"end":{"line":132,"column":9}},"loc":{"start":{"line":132,"column":54},"end":{"line":135,"column":5}}},"11":{"name":"(anonymous_11)","decl":{"start":{"line":137,"column":4},"end":{"line":137,"column":9}},"loc":{"start":{"line":137,"column":51},"end":{"line":140,"column":5}}},"12":{"name":"(anonymous_12)","decl":{"start":{"line":142,"column":4},"end":{"line":142,"column":9}},"loc":{"start":{"line":142,"column":69},"end":{"line":147,"column":5}}},"13":{"name":"(anonymous_13)","decl":{"start":{"line":149,"column":4},"end":{"line":149,"column":9}},"loc":{"start":{"line":149,"column":50},"end":{"line":162,"column":5}}}},"branchMap":{"0":{"loc":{"start":{"line":40,"column":68},"end":{"line":40,"column":81}},"type":"default-arg","locations":[{"start":{"line":40,"column":80},"end":{"line":40,"column":81}}]}},"s":{"0":1,"1":1,"2":14,"3":14,"4":14,"5":0,"6":14,"7":14,"8":14,"9":14,"10":15,"11":2,"12":2,"13":1,"14":6,"15":6,"16":4,"17":4,"18":1,"19":1,"20":7,"21":7,"22":4,"23":4,"24":1},"f":{"0":14,"1":14,"2":0,"3":14,"4":14,"5":15,"6":2,"7":2,"8":1,"9":6,"10":4,"11":1,"12":7,"13":4},"b":{"0":[14]}}
,"/Users/ben/Documents/Work/HS/Application/Tonsurance/Tonsurance/wrappers/ReferralManager.compile.ts": {"path":"/Users/ben/Documents/Work/HS/Application/Tonsurance/Tonsurance/wrappers/ReferralManager.compile.ts","statementMap":{"0":{"start":{"line":3,"column":13},"end":{"line":6,"column":2}}},"fnMap":{},"branchMap":{},"s":{"0":1},"f":{},"b":{}}
,"/Users/ben/Documents/Work/HS/Application/Tonsurance/Tonsurance/wrappers/ReferralManager.ts": {"path":"/Users/ben/Documents/Work/HS/Application/Tonsurance/Tonsurance/wrappers/ReferralManager.ts","statementMap":{"0":{"start":{"line":8,"column":0},"end":{"line":8,"column":16}},"1":{"start":{"line":1,"column":0},"end":{"line":1,"column":116}},"2":{"start":{"line":9,"column":4},"end":{"line":14,"column":19}},"3":{"start":{"line":19,"column":17},"end":{"line":19,"column":33}},"4":{"start":{"line":20,"column":17},"end":{"line":20,"column":50}},"5":{"start":{"line":24,"column":8},"end":{"line":24,"column":44}},"6":{"start":{"line":28,"column":21},"end":{"line":28,"column":56}},"7":{"start":{"line":29,"column":21},"end":{"line":29,"column":35}},"8":{"start":{"line":30,"column":8},"end":{"line":30,"column":75}},"9":{"start":{"line":34,"column":8},"end":{"line":38,"column":11}},"10":{"start":{"line":50,"column":8},"end":{"line":58,"column":11}},"11":{"start":{"line":71,"column":8},"end":{"line":80,"column":11}},"12":{"start":{"line":87,"column":23},"end":{"line":89,"column":10}},"13":{"start":{"line":90,"column":8},"end":{"line":93,"column":10}},"14":{"start":{"line":97,"column":23},"end":{"line":99,"column":10}},"15":{"start":{"line":100,"column":8},"end":{"line":104,"column":9}},"16":{"start":{"line":101,"column":12},"end":{"line":101,"column":46}},"17":{"start":{"line":103,"column":12},"end":{"line":103,"column":24}},"18":{"start":{"line":115,"column":23},"end":{"line":117,"column":10}},"19":{"start":{"line":119,"column":34},"end":{"line":125,"column":9}},"20":{"start":{"line":120,"column":12},"end":{"line":124,"column":13}},"21":{"start":{"line":121,"column":16},"end":{"line":121,"column":50}},"22":{"start":{"line":123,"column":16},"end":{"line":123,"column":28}},"23":{"start":{"line":127,"column":8},"end":{"line":134,"column":10}},"24":{"start":{"line":138,"column":23},"end":{"line":138,"column":75}},"25":{"start":{"line":139,"column":8},"end":{"line":139,"column":44}},"26":{"start":{"line":17,"column":0},"end":{"line":17,"column":13}}},"fnMap":{"0":{"name":"referralManagerConfigToCell","decl":{"start":{"line":8,"column":16},"end":{"line":8,"column":43}},"loc":{"start":{"line":8,"column":73},"end":{"line":15,"column":1}}},"1":{"name":"(anonymous_1)","decl":{"start":{"line":18,"column":4},"end":{"line":18,"column":null}},"loc":{"start":{"line":20,"column":50},"end":{"line":21,"column":8}}},"2":{"name":"(anonymous_2)","decl":{"start":{"line":23,"column":4},"end":{"line":23,"column":10}},"loc":{"start":{"line":23,"column":45},"end":{"line":25,"column":5}}},"3":{"name":"(anonymous_3)","decl":{"start":{"line":27,"column":4},"end":{"line":27,"column":10}},"loc":{"start":{"line":27,"column":84},"end":{"line":31,"column":5}}},"4":{"name":"(anonymous_4)","decl":{"start":{"line":33,"column":4},"end":{"line":33,"column":9}},"loc":{"start":{"line":33,"column":75},"end":{"line":39,"column":5}}},"5":{"name":"(anonymous_5)","decl":{"start":{"line":41,"column":4},"end":{"line":41,"column":9}},"loc":{"start":{"line":48,"column":9},"end":{"line":59,"column":5}}},"6":{"name":"(anonymous_6)","decl":{"start":{"line":61,"column":4},"end":{"line":61,"column":9}},"loc":{"start":{"line":69,"column":9},"end":{"line":81,"column":5}}},"7":{"name":"(anonymous_7)","decl":{"start":{"line":83,"column":4},"end":{"line":83,"column":9}},"loc":{"start":{"line":83,"column":72},"end":{"line":94,"column":5}}},"8":{"name":"(anonymous_8)","decl":{"start":{"line":96,"column":4},"end":{"line":96,"column":9}},"loc":{"start":{"line":96,"column":69},"end":{"line":105,"column":5}}},"9":{"name":"(anonymous_9)","decl":{"start":{"line":107,"column":4},"end":{"line":107,"column":9}},"loc":{"start":{"line":107,"column":64},"end":{"line":135,"column":5}}},"10":{"name":"(anonymous_10)","decl":{"start":{"line":119,"column":34},"end":{"line":119,"column":37}},"loc":{"start":{"line":119,"column":39},"end":{"line":125,"column":9}}},"11":{"name":"(anonymous_11)","decl":{"start":{"line":137,"column":4},"end":{"line":137,"column":9}},"loc":{"start":{"line":137,"column":60},"end":{"line":140,"column":5}}}},"branchMap":{"0":{"loc":{"start":{"line":27,"column":71},"end":{"line":27,"column":84}},"type":"default-arg","locations":[{"start":{"line":27,"column":83},"end":{"line":27,"column":84}}]}},"s":{"0":1,"1":1,"2":15,"3":15,"4":15,"5":0,"6":15,"7":15,"8":15,"9":15,"10":30,"11":5,"12":2,"13":2,"14":5,"15":5,"16":5,"17":1,"18":4,"19":4,"20":20,"21":20,"22":12,"23":4,"24":1,"25":1,"26":1},"f":{"0":15,"1":15,"2":0,"3":15,"4":15,"5":30,"6":5,"7":2,"8":5,"9":4,"10":20,"11":1},"b":{"0":[15]}}
,"/Users/ben/Documents/Work/HS/Application/Tonsurance/Tonsurance/wrappers/SUREToken.compile.ts": {"path":"/Users/ben/Documents/Work/HS/Application/Tonsurance/Tonsurance/wrappers/SUREToken.compile.ts","statementMap":{"0":{"start":{"line":3,"column":13},"end":{"line":6,"column":2}}},"fnMap":{},"branchMap":{},"s":{"0":1},"f":{},"b":{}}
,"/Users/ben/Documents/Work/HS/Application/Tonsurance/Tonsurance/wrappers/SUREToken.ts": {"path":"/Users/ben/Documents/Work/HS/Application/Tonsurance/Tonsurance/wrappers/SUREToken.ts","statementMap":{"0":{"start":{"line":11,"column":0},"end":{"line":11,"column":16}},"1":{"start":{"line":1,"column":0},"end":{"line":1,"column":116}},"2":{"start":{"line":12,"column":4},"end":{"line":18,"column":19}},"3":{"start":{"line":23,"column":17},"end":{"line":23,"column":33}},"4":{"start":{"line":24,"column":17},"end":{"line":24,"column":50}},"5":{"start":{"line":28,"column":8},"end":{"line":28,"column":38}},"6":{"start":{"line":32,"column":21},"end":{"line":32,"column":50}},"7":{"start":{"line":33,"column":21},"end":{"line":33,"column":35}},"8":{"start":{"line":34,"column":8},"end":{"line":34,"column":69}},"9":{"start":{"line":38,"column":8},"end":{"line":42,"column":11}},"10":{"start":{"line":55,"column":8},"end":{"line":64,"column":11}},"11":{"start":{"line":74,"column":23},"end":{"line":74,"column":64}},"12":{"start":{"line":75,"column":8},"end":{"line":81,"column":10}},"13":{"start":{"line":85,"column":23},"end":{"line":87,"column":10}},"14":{"start":{"line":88,"column":8},"end":{"line":88,"column":42}},"15":{"start":{"line":21,"column":0},"end":{"line":21,"column":13}}},"fnMap":{"0":{"name":"sureTokenConfigToCell","decl":{"start":{"line":11,"column":16},"end":{"line":11,"column":37}},"loc":{"start":{"line":11,"column":61},"end":{"line":19,"column":1}}},"1":{"name":"(anonymous_1)","decl":{"start":{"line":22,"column":4},"end":{"line":22,"column":null}},"loc":{"start":{"line":24,"column":50},"end":{"line":25,"column":8}}},"2":{"name":"(anonymous_2)","decl":{"start":{"line":27,"column":4},"end":{"line":27,"column":10}},"loc":{"start":{"line":27,"column":45},"end":{"line":29,"column":5}}},"3":{"name":"(anonymous_3)","decl":{"start":{"line":31,"column":4},"end":{"line":31,"column":10}},"loc":{"start":{"line":31,"column":78},"end":{"line":35,"column":5}}},"4":{"name":"(anonymous_4)","decl":{"start":{"line":37,"column":4}
[...]
,"/Users/ben/Documents/Work/HS/Application/Tonsurance/Tonsurance/wrappers/ShieldStake.compile.ts": {"path":"/Users/ben/Documents/Work/HS/Application/Tonsurance/Tonsurance/wrappers/ShieldStake.compile.ts","statementMap":{"0":{"start":{"line":3,"column":13},"end":{"line":6,"column":2}}},"fnMap":{},"branchMap":{},"s":{"0":1},"f":{},"b":{}}
,"/Users/ben/Documents/Work/HS/Application/Tonsurance/Tonsurance/wrappers/ShieldStake.ts": {"path":"/Users/ben/Documents/Work/HS/Application/Tonsurance/Tonsurance/wrappers/ShieldStake.ts","statementMap":{"0":{"start":{"line":12,"column":0},"end":{"line":12,"column":16}},"1":{"start":{"line":1,"column":0},"end":{"line":1,"column":116}},"2":{"start":{"line":13,"column":4},"end":{"line":21,"column":19}},"3":{"start":{"line":26,"column":17},"end":{"line":26,"column":33}},"4":{"start":{"line":27,"column":17},"end":{"line":27,"column":50}},"5":{"start":{"line":31,"column":8},"end":{"line":31,"column":40}},"6":{"start":{"line":35,"column":21},"end":{"line":35,"column":52}},"7":{"start":{"line":36,"column":21},"end":{"line":36,"column":35}},"8":{"start":{"line":37,"column":8},"end":{"line":37,"column":71}},"9":{"start":{"line":41,"column":8},"end":{"line":45,"column":11}},"10":{"start":{"line":60,"column":8},"end":{"line":71,"column":11}},"11":{"start":{"line":81,"column":23},"end":{"line":81,"column":64}},"12":{"start":{"line":82,"column":8},"end":{"line":88,"column":10}},"13":{"start":{"line":92,"column":23},"end":{"line":94,"column":10}},"14":{"start":{"line":95,"column":8},"end":{"line":95,"column":42}},"15":{"start":{"line":99,"column":23},"end":{"line":99,"column":68}},"16":{"start":{"line":100,"column":8},"end":{"line":100,"column":42}},"17":{"start":{"line":104,"column":23},"end":{"line":104,"column":65}},"18":{"start":{"line":105,"column":8},"end":{"line":105,"column":44}},"19":{"start":{"line":109,"column":23},"end":{"line":111,"column":10}},"20":{"start":{"line":112,"column":8},"end":{"line":112,"column":41}},"21":{"start":{"line":116,"column":23},"end":{"line":118,"column":10}},"22":{"start":{"line":119,"column":8},"end":{"line":119,"column":42}},"23":{"start":{"line":24,"column":0},"end":{"line":24,"column":13}}},"fnMap":{"0":{"name":"shieldStakeConfigToCell","decl":{"start":{"line":12,"column":16},"end":{"line":12,"column":39}},"loc":{"start":{"line":12,"column":65},"end":{"line":22,"column":1}}},"1":{"name":"(anonymous_1)","decl":{"start":{"line":25,"column":4},"end":{"line":25,"column":null}},"loc":{"start":{"line":27,"column":50},"end":{"line":28,"column":8}}},"2":{"name":"(anonymous_2)","decl":{"start":{"line":30,"column":4},"end":{"line":30,"column":10}},"loc":{"start":{"line":30,"column":45},"end":{"line":32,"column":5}}},"3":{"name":"(anonymous_3)","decl":{"start":{"line":34,"column":4},"end":{"line":34,"column":10}},"loc":{"start":{"line":34,"column":80},"end":{"line":38,"column":5}}},"4":{"name":"(anonymous_4)","decl":{"start":{"line":40,"column":4},"end":{"line":40,"column":9}},"loc":{"start":{"line":40,"column":75},"end":{"line":46,"column":5}}},"5":{"name":"(anonymous_5)","decl":{"start":{"line":48,"column":4},"end":{"line":48,"column":9}},"loc":{"start":{"line":58,"column":9},"end":{"line":72,"column":5}}},"6":{"name":"(anonymous_6)","decl":{"start":{"line":74,"column":4},"end":{"line":74,"column":9}},"loc":{"start":{"line":74,"column":50},"end":{"line":89,"column":5}}},"7":{"name":"(anonymous_7)","decl":{"start":{"line":91,"column":4},"end":{"line":91,"column":9}},"loc":{"start":{"line":91,"column":69},"end":{"line":96,"column":5}}},"8":{"name":"(anonymous_8)","decl":{"start":{"line":98,"column":4},"end":{"line":98,"column":9}},"loc":{"start":{"line":98,"column":54},"end":{"line":101,"column":5}}},"9":{"name":"(anonymous_9)","decl":{"start":{"line":103,"column":4},"end":{"line":103,"column":9}},"loc":{"start":{"line":103,"column":51},"end":{"line":106,"column":5}}},"10":{"name":"(anonymous_10)","decl":{"start":{"line":108,"column":4},"end":{"line":108,"column":9}},"loc":{"start":{"line":108,"column":65},"end":{"line":113,"column":5}}},"11":{"name":"(anonymous_11)","decl":{"start":{"line":115,"column":4},"end":{"line":115,"column":9}},"loc":{"start":{"line":115,"column":62},"end":{"line":120,"column":5}}}},"branchMap":{"0":{"loc":{"start":{"line":15,"column":18},"end":{"line":15,"column":42}},"type":"cond-expr","locations":[{"start":{"line":15,"column":36},"end":{"line":15,"column":38}},{"start":{"line":15,"column":41},"end":{"line":15,"column":42}}]},"1":{"loc":{"start":{"line":34,"column":67},"end":{"line":34,"column":80}},"type":"default-arg","locations":[{"start":{"line":34,"column":79},"end":{"line":34,"column":80}}]}},"s":{"0":1,"1":1,"2":14,"3":14,"4":14,"5":0,"6":14,"7":14,"8":14,"9":14,"10":11,"11":3,"12":3,"13":3,"14":3,"15":1,"16":1,"17":2,"18":2,"19":5,"20":5,"21":2,"22":2,"23":1},"f":{"0":14,"1":14,"2":0,"3":14,"4":14,"5":11,"6":3,"7":3,"8":1,"9":2,"10":5,"11":2},"b":{"0":[14,0],"1":[14]}}
,"/Users/ben/Documents/Work/HS/Application/Tonsurance/Tonsurance/wrappers/SimplePremiumDistributor.compile.ts": {"path":"/Users/ben/Documents/Work/HS/Application/Tonsurance/Tonsurance/wrappers/SimplePremiumDistributor.compile.ts","statementMap":{"0":{"start":{"line":3,"column":13},"end":{"line":6,"column":2}}},"fnMap":{},"branchMap":{},"s":{"0":1},"f":{},"b":{}}
,"/Users/ben/Documents/Work/HS/Application/Tonsurance/Tonsurance/wrappers/SimplePremiumDistributor.ts": {"path":"/Users/ben/Documents/Work/HS/Application/Tonsurance/Tonsurance/wrappers/SimplePremiumDistributor.ts","statementMap":{"0":{"start":{"line":13,"column":0},"end":{"line":13,"column":16}},"1":{"start":{"line":1,"column":0},"end":{"line":1,"column":116}},"2":{"start":{"line":15,"column":23},"end":{"line":18,"column":18}},"3":{"start":{"line":21,"column":27},"end":{"line":24,"column":18}},"4":{"start":{"line":26,"column":4},"end":{"line":32,"column":19}},"5":{"start":{"line":37,"column":17},"end":{"line":37,"column":33}},"6":{"start":{"line":38,"column":17},"end":{"line":38,"column":50}},"7":{"start":{"line":42,"column":8},"end":{"line":42,"column":53}},"8":{"start":{"line":46,"column":21},"end":{"line":46,"column":65}},"9":{"start":{"line":47,"column":21},"end":{"line":47,"column":35}},"10":{"start":{"line":48,"column":8},"end":{"line":48,"column":84}},"11":{"start":{"line":52,"column":8},"end":{"line":56,"column":11}},"12":{"start":{"line":68,"column":8},"end":{"line":76,"column":11}},"13":{"start":{"line":80,"column":23},"end":{"line":80,"column":79}},"14":{"start":{"line":81,"column":8},"end":{"line":81,"column":44}},"15":{"start":{"line":85,"column":23},"end":{"line":85,"column":71}},"16":{"start":{"line":86,"column":8},"end":{"line":86,"column":44}},"17":{"start":{"line":35,"column":0},"end":{"line":35,"column":13}}},"fnMap":{"0":{"name":"simplePremiumDistributorConfigToCell","decl":{"start":{"line":13,"column":16},"end":{"line":13,"column":52}},"loc":{"start":{"line":13,"column":91},"end":{"line":33,"column":1}}},"1":{"name":"(anonymous_1)","decl":{"start":{"line":36,"column":4},"end":{"line":36,"column":null}},"loc":{"start":{"line":38,"column":50},"end":{"line":39,"column":8}}},"2":{"name":"(anonymous_2)","decl":{"start":{"line":41,"column":4},"end":{"line":41,"column":10}},"loc":{"start":{"line":41,"column":45},"end":{"line":43,"column":5}}},"3":{"name":"(anonymous_3)","decl":{"start":{"line":45,"column":4},"end":{"line":45,"column":10}},"loc":{"start":{"line":45,"column":93},"end":{"line":49,"column":5}}},"4":{"name":"(anonymous_4)","decl":{"start":{"line":51,"column":4},"end":{"line":51,"column":9}},"loc":{"start":{"line":51,"column":75},"end":{"line":57,"column":5}}},"5":{"name":"(anonymous_5)","decl":{"start":{"line":59,"column":4},"end":{"line":59,"column":9}},"loc":{"start":{"line":66,"column":9},"end":{"line":77,"column":5}}},"6":{"name":"(anonymous_6)","decl":{"start":{"line":79,"column":4},"end":{"line":79,"column":9}},"loc":{"start":{"line":79,"column":64},"end":{"line":82,"column":5}}},"7":{"name":"(anonymous_7)","decl":{"start":{"line":84,"column":4},"end":{"line":84,"column":9}},"loc":{"start":{"line":84,"column":57},"end":{"line":87,"column":5}}}},"branchMap":{"0":{"loc":{"start":{"line":45,"column":80},"end":{"line":45,"column":93}},"type":"default-arg","locations":[{"start":{"line":45,"column":92},"end":{"line":45,"column":93}}]}},"s":{"0":1,"1":1,"2":10,"3":10,"4":10,"5":10,"6":10,"7":0,"8":10,"9":10,"10":10,"11":10,"12":10,"13":3,"14":3,"15":3,"16":3,"17":1},"f":{"0":10,"1":10,"2":0,"3":10,"4":10,"5":10,"6":3,"7":3},"b":{"0":[10]}}
,"/Users/ben/Documents/Work/HS/Application/Tonsurance/Tonsurance/wrappers/Token.compile.ts": {"path":"/Users/ben/Documents/Work/HS/Application/Tonsurance/Tonsurance/wrappers/Token.compile.ts","statementMap":{"0":{"start":{"line":3,"column":13},"end":{"line":6,"column":2}}},"fnMap":{},"branchMap":{},"s":{"0":1},"f":{},"b":{}}
,"/Users/ben/Documents/Work/HS/Application/Tonsurance/Tonsurance/wrappers/Token.ts": {"path":"/Users/ben/Documents/Work/HS/Application/Tonsurance/Tonsurance/wrappers/Token.ts","statementMap":{"0":{"start":{"line":5,"column":0},"end":{"line":5,"column":16}},"1":{"start":{"line":1,"column":0},"end":{"line":1,"column":116}},"2":{"start":{"line":6,"column":4},"end":{"line":6,"column":33}},"3":{"start":{"line":10,"column":25},"end":{"line":10,"column":41}},"4":{"start":{"line":10,"column":52},"end":{"line":10,"column":85}},"5":{"start":{"line":13,"column":8},"end":{"line":13,"column":34}},"6":{"start":{"line":17,"column":21},"end":{"line":17,"column":46}},"7":{"start":{"line":18,"column":21},"end":{"line":18,"column":35}},"8":{"start":{"line":19,"column":8},"end":{"line":19,"column":65}},"9":{"start":{"line":23,"column":8},"end":{"line":27,"column":11}},"10":{"start":{"line":9,"column":0},"end":{"line":9,"column":13}}},"fnMap":{"0":{"name":"tokenConfigToCell","decl":{"start":{"line":5,"column":16},"end":{"line":5,"column":33}},"loc":{"start":{"line":5,"column":53},"end":{"line":7,"column":1}}},"1":{"name":"(anonymous_1)","decl":{"start":{"line":10,"column":4},"end":{"line":10,"column":25}},"loc":{"start":{"line":10,"column":85},"end":{"line":10,"column":89}}},"2":{"name":"(anonymous_2)","decl":{"start":{"line":12,"column":4},"end":{"line":12,"column":10}},"loc":{"start":{"line":12,"column":45},"end":{"line":14,"column":5}}},"3":{"name":"(anonymous_3)","decl":{"start":{"line":16,"column":4},"end":{"line":16,"column":10}},"loc":{"start":{"line":16,"column":74},"end":{"line":20,"column":5}}},"4":{"name":"(anonymous_4)","decl":{"start":{"line":22,"column":4},"end":{"line":22,"column":9}},"loc":{"start":{"line":22,"column":75},"end":{"line":28,"column":5}}}},"branchMap":{"0":{"loc":{"start":{"line":16,"column":61},"end":{"line":16,"column":74}},"type":"default-arg","locations":[{"start":{"line":16,"column":73},"end":{"line":16,"column":74}}]}},"s":{"0":1,"1":1,"2":1,"3":1,"4":1,"5":0,"6":1,"7":1,"8":1,"9":1,"10":1},"f":{"0":1,"1":1,"2":0,"3":1,"4":1},"b":{"0":[1]}}
,"/Users/ben/Documents/Work/HS/Application/Tonsurance/Tonsurance/wrappers/TradFiBuffer.compile.ts": {"path":"/Users/ben/Documents/Work/HS/Application/Tonsurance/Tonsurance/wrappers/TradFiBuffer.compile.ts","statementMap":{"0":{"start":{"line":3,"column":13},"end":{"line":6,"column":2}}},"fnMap":{},"branchMap":{},"s":{"0":1},"f":{},"b":{}}
,"/Users/ben/Documents/Work/HS/Application/Tonsurance/Tonsurance/wrappers/TradFiBuffer.ts": {"path":"/Users/ben/Documents/Work/HS/Application/Tonsurance/Tonsurance/wrappers/TradFiBuffer.ts","statementMap":{"0":{"start":{"line":18,"column":0},"end":{"line":18,"column":16}},"1":{"start":{"line":1,"column":0},"end":{"line":1,"column":116}},"2":{"start":{"line":19,"column":4},"end":{"line":37,"column":19}},"3":{"start":{"line":42,"column":17},"end":{"line":42,"column":33}},"4":{"start":{"line":43,"column":17},"end":{"line":43,"column":50}},"5":{"start":{"line":47,"column":8},"end":{"line":47,"column":41}},"6":{"start":{"line":51,"column":21},"end":{"line":51,"column":53}},"7":{"start":{"line":52,"column":21},"end":{"line":52,"column":35}},"8":{"start":{"line":53,"column":8},"end":{"line":53,"column":72}},"9":{"start":{"line":57,"column":8},"end":{"line":61,"column":11}},"10":{"start":{"line":73,"column":8},"end":{"line":81,"column":11}},"11":{"start":{"line":85,"column":8},"end":{"line":91,"column":11}},"12":{"start":{"line":99,"column":23},"end":{"line":101,"column":10}},"13":{"start":{"line":102,"column":8},"end":{"line":106,"column":10}},"14":{"start":{"line":115,"column":23},"end":{"line":115,"column":65}},"15":{"start":{"line":116,"column":8},"end":{"line":121,"column":10}},"16":{"start":{"line":125,"column":23},"end":{"line":125,"column":64}},"17":{"start":{"line":126,"column":8},"end":{"line":126,"column":44}},"18":{"start":{"line":133,"column":23},"end":{"line":133,"column":62}},"19":{"start":{"line":134,"column":8},"end":{"line":137,"column":10}},"20":{"start":{"line":40,"column":0},"end":{"line":40,"column":13}}},"fnMap":{"0":{"name":"tradFiBufferConfigToCell","decl":{"start":{"line":18,"column":16},"end":{"line":18,"column":40}},"loc":{"start":{"line":18,"column":67},"end":{"line":38,"column":1}}},"1":{"name":"(anonymous_1)","decl":{"start":{"line":41,"column":4},"end":{"line":41,"column":null}},"loc":{"start":{"line":43,"column":50},"end":{"line":44,"column":8}}},"2":{"name":"(anonymous_2)","decl":{"start":{"line":46,"column":4},"end":{"line":46,"column":10}},"loc":{"start":{"line":46,"column":45},"end":{"line":48,"column":5}}},"3":{"name":"(anonymous_3)","decl":{"start":{"line":50,"column":4},"end":{"line":50,"column":10}},"loc":{"start":{"line":50,"column":81},"end":{"line":54,"column":5}}},"4":{"name":"(anonymous_4)","decl":{"start":{"line":56,"column":4},"end":{"line":56,"column":9}},"loc":{"start":{"line":56,"column":75},"end":{"line":62,"column":5}}},"5":{"name":"(anonymous_5)","decl":{"start":{"line":64,"column":4},"end":{"line":64,"column":9}},"loc":{"start":{"line":71,"column":9},"end":{"line":82,"column":5}}},"6":{"name":"(anonymous_6)","decl":{"start":{"line":84,"column":4},"end":{"line":84,"column":9}},"loc":{"start":{"line":84,"column":84},"end":{"line":92,"column":5}}},"7":{"name":"(anonymous_7)","decl":{"start":{"line":94,"column":4},"end":{"line":94,"column":9}},"loc":{"start":{"line":94,"column":74},"end":{"line":107,"column":5}}},"8":{"name":"(anonymous_8)","decl":{"start":{"line":109,"column":4},"end":{"line":109,"column":9}},"loc":{"start":{"line":109,"column":51},"end":{"line":122,"column":5}}},"9":{"name":"(anonymous_9)","decl":{"start":{"line":124,"column":4},"end":{"line":124,"column":9}},"loc":{"start":{"line":124,"column":50},"end":{"line":127,"column":5}}},"10":{"name":"(anonymous_10)","decl":{"start":{"line":129,"column":4},"end":{"line":129,"column":9}},"loc":{"start":{"line":129,"column":48},"end":{"line":138,"column":5}}}},"branchMap":{"0":{"loc":{"start":{"line":50,"column":68},"end":{"line":50,"column":81}},"type":"default-arg","locations":[{"start":{"line":50,"column":80},"end":{"line":50,"column":81}}]}},"s":{"0":1,"1":1,"2":14,"3":14,"4":14,"5":0,"6":14,"7":14,"8":14,"9":14,"10":16,"11":2,"12":4,"13":4,"14":3,"15":3,"16":1,"17":1,"18":0,"19":0,"20":1},"f":{"0":14,"1":14,"2":0,"3":14,"4":14,"5":16,"6":2,"7":4,"8":3,"9":1,"10":0},"b":{"0":[14]}}
,"/Users/ben/Documents/Work/HS/Application/Tonsurance/Tonsurance/wrappers/Treasury.compile.ts": {"path":"/Users/ben/Documents/Work/HS/Application/Tonsurance/Tonsurance/wrappers/Treasury.compile.ts","statementMap":{"0":{"start":{"line":3,"column":13},"end":{"line":6,"column":2}}},"fnMap":{},"branchMap":{},"s":{"0":1},"f":{},"b":{}}
,"/Users/ben/Documents/Work/HS/Application/Tonsurance/Tonsurance/wrappers/Treasury.ts": {"path":"/Users/ben/Documents/Work/HS/Application/Tonsurance/Tonsurance/wrappers/Treasury.ts","statementMap":{"0":{"start":{"line":13,"column":0},"end":{"line":13,"column":16}},"1":{"start":{"line":1,"column":0},"end":{"line":1,"column":116}},"2":{"start":{"line":17,"column":25},"end":{"line":20,"column":18}},"3":{"start":{"line":22,"column":4},"end":{"line":29,"column":19}},"4":{"start":{"line":34,"column":17},"end":{"line":34,"column":33}},"5":{"start":{"line":35,"column":17},"end":{"line":35,"column":50}},"6":{"start":{"line":39,"column":8},"end":{"line":39,"column":37}},"7":{"start":{"line":43,"column":21},"end":{"line":43,"column":49}},"8":{"start":{"line":44,"column":21},"end":{"line":44,"column":35}},"9":{"start":{"line":45,"column":8},"end":{"line":45,"column":68}},"10":{"start":{"line":49,"column":8},"end":{"line":53,"column":11}},"11":{"start":{"line":61,"column":23},"end":{"line":61,"column":67}},"12":{"start":{"line":62,"column":8},"end":{"line":66,"column":10}},"13":{"start":{"line":70,"column":23},"end":{"line":70,"column":68}},"14":{"start":{"line":71,"column":8},"end":{"line":71,"column":44}},"15":{"start":{"line":32,"column":0},"end":{"line":32,"column":13}}},"fnMap":{"0":{"name":"treasuryConfigToCell","decl":{"start":{"line":13,"column":16},"end":{"line":13,"column":36}},"loc":{"start":{"line":13,"column":59},"end":{"line":30,"column":1}}},"1":{"name":"(anonymous_1)","decl":{"start":{"line":33,"column":4},"end":{"line":33,"column":null}},"loc":{"start":{"line":35,"column":50},"end":{"line":36,"column":8}}},"2":{"name":"(anonymous_2)","decl":{"start":{"line":38,"column":4},"end":{"line":38,"column":10}},"loc":{"start":{"line":38,"column":45},"end":{"line":40,"column":5}}},"3":{"name":"(anonymous_3)","decl":{"start":{"line":42,"column":4},"end":{"line":42,"column":10}},"loc":{"start":{"line":42,"column":77},"end":{"line":46,"column":5}}},"4":{"name":"(anonymous_4)","decl":{"start":{"line":48,"column":4},"end":{"line":48,"column":9}},"loc":{"start":{"line":48,"column":75},"end":{"line":54,"column":5}}},"5":{"name":"(anonymous_5)","decl":{"start":{"line":56,"column":4},"end":{"line":56,"column":9}},"loc":{"start":{"line":56,"column":53},"end":{"line":67,"column":5}}},"6":{"name":"(anonymous_6)","decl":{"start":{"line":69,"column":4},"end":{"line":69,"column":9}},"loc":{"start":{"line":69,"column":54},"end":{"line":72,"column":5}}}},"branchMap":{"0":{"loc":{"start":{"line":42,"column":64},"end":{"line":42,"column":77}},"type":"default-arg","locations":[{"start":{"line":42,"column":76},"end":{"line":42,"column":77}}]}},"s":{"0":1,"1":1,"2":13,"3":13,"4":13,"5":13,"6":0,"7":13,"8":13,"9":13,"10":13,"11":2,"12":2,"13":6,"14":6,"15":1},"f":{"0":13,"1":13,"2":0,"3":13,"4":13,"5":2,"6":6},"b":{"0":[13]}}
}
