TN:
SF:hedging/services/HedgeOptimizer.ts
FN:42,(anonymous_0)
FN:59,(anonymous_1)
FN:121,(anonymous_2)
FN:123,(anonymous_3)
FN:140,(anonymous_4)
FN:202,(anonymous_5)
FN:218,(anonymous_6)
FN:225,(anonymous_7)
FN:227,(anonymous_8)
FN:233,(anonymous_9)
FN:262,(anonymous_10)
FNF:11
FNH:11
FNDA:14,(anonymous_0)
FNDA:40,(anonymous_1)
FNDA:14,(anonymous_2)
FNDA:42,(anonymous_3)
FNDA:9,(anonymous_4)
FNDA:8,(anonymous_5)
FNDA:2,(anonymous_6)
FNDA:5,(anonymous_7)
FNDA:3,(anonymous_8)
FNDA:4,(anonymous_9)
FNDA:12,(anonymous_10)
DA:38,1
DA:47,14
DA:50,14
DA:51,14
DA:52,14
DA:55,14
DA:59,40
DA:61,14
DA:67,14
DA:70,14
DA:71,13
DA:73,13
DA:74,39
DA:75,39
DA:76,39
DA:81,14
DA:82,41
DA:84,29
DA:90,29
DA:91,28
DA:92,28
DA:98,14
DA:104,14
DA:105,14
DA:106,14
DA:107,14
DA:109,14
DA:122,14
DA:123,42
DA:126,14
DA:127,14
DA:128,42
DA:129,40
DA:134,14
DA:147,9
DA:150,9
DA:156,9
DA:159,9
DA:165,9
DA:168,1
DA:169,1
DA:170,1
DA:174,3
DA:175,3
DA:176,3
DA:180,5
DA:181,5
DA:182,5
DA:185,9
DA:186,9
DA:188,9
DA:203,8
DA:205,6
DA:207,1
DA:209,1
DA:211,0
DA:223,2
DA:225,2
DA:226,5
DA:227,3
DA:241,4
DA:243,4
DA:266,12
DA:267,12
DA:270,12
DA:271,4
DA:274,8
LF:67
LH:66
BRDA:47,0,0,7
BRDA:50,1,0,14
BRDA:50,1,1,8
BRDA:51,2,0,14
BRDA:51,2,1,11
BRDA:70,3,0,13
BRDA:70,3,1,1
BRDA:82,4,0,12
BRDA:82,4,1,29
BRDA:90,5,0,28
BRDA:90,5,1,1
BRDA:128,6,0,40
BRDA:128,6,1,2
BRDA:156,7,0,9
BRDA:156,7,1,5
BRDA:165,8,0,1
BRDA:165,8,1,3
BRDA:165,8,2,5
BRDA:203,9,0,6
BRDA:203,9,1,1
BRDA:203,9,2,1
BRDA:203,9,3,0
BRDA:270,10,0,4
BRDA:270,10,1,8
BRDA:275,11,0,4
BRDA:275,11,1,4
BRF:26
BRH:25
end_of_record
TN:
SF:hedging/services/RiskCalculator.ts
FN:31,(anonymous_0)
FN:40,(anonymous_1)
FN:114,(anonymous_2)
FN:134,(anonymous_3)
FN:183,(anonymous_4)
FN:199,(anonymous_5)
FNF:6
FNH:6
FNDA:14,(anonymous_0)
FNDA:14,(anonymous_1)
FNDA:3,(anonymous_2)
FNDA:3,(anonymous_3)
FNDA:17,(anonymous_4)
FNDA:1,(anonymous_5)
DA:2,1
DA:3,1
DA:26,1
DA:32,14
DA:33,14
DA:34,14
DA:41,14
DA:44,14
DA:49,14
DA:50,19
DA:51,19
DA:57,19
DA:58,2
DA:61,17
DA:64,17
DA:65,17
DA:66,15
DA:73,15
DA:77,17
DA:80,17
DA:81,17
DA:86,16
DA:87,16
DA:88,16
DA:91,1
DA:95,0
DA:100,14
DA:101,14
DA:102,15
DA:103,15
DA:105,15
DA:108,14
DA:115,3
DA:117,3
DA:118,2
DA:120,2
DA:123,2
DA:124,1
DA:128,2
DA:135,3
DA:136,3
DA:138,3
DA:139,3
DA:141,2
DA:142,2
DA:145,2
DA:146,2
DA:147,2
DA:149,2
DA:150,2
DA:158,2
DA:159,2
DA:167,2
DA:168,2
DA:177,3
DA:184,17
DA:186,13
DA:188,2
DA:190,2
DA:192,0
DA:206,1
DA:208,1
DA:216,1
DA:217,3
DA:218,3
DA:219,3
DA:220,3
DA:223,1
LF:68
LH:66
BRDA:57,0,0,2
BRDA:57,0,1,17
BRDA:57,1,0,19
BRDA:57,1,1,18
BRDA:65,2,0,15
BRDA:65,2,1,2
BRDA:118,3,0,0
BRDA:118,3,1,2
BRDA:123,4,0,1
BRDA:123,4,1,1
BRDA:139,5,0,1
BRDA:139,5,1,2
BRDA:141,6,0,1
BRDA:141,6,1,1
BRDA:142,7,0,1
BRDA:142,7,1,1
BRDA:149,8,0,2
BRDA:149,8,1,0
BRDA:158,9,0,2
BRDA:158,9,1,0
BRDA:167,10,0,2
BRDA:167,10,1,0
BRDA:184,11,0,13
BRDA:184,11,1,2
BRDA:184,11,2,2
BRDA:184,11,3,0
BRF:26
BRH:21
end_of_record
TN:
SF:tests/fixtures/market-data.ts
FN:134,generateRandomMarketData
FN:155,adjustMarketData
FNF:2
FNH:0
FNDA:0,generateRandomMarketData
FNDA:0,adjustMarketData
DA:10,1
DA:33,1
DA:56,1
DA:79,1
DA:102,1
DA:125,1
DA:134,1
DA:135,0
DA:155,1
DA:159,0
LF:10
LH:8
BRDA:160,0,0,0
BRDA:160,0,1,0
BRDA:161,1,0,0
BRDA:161,1,1,0
BRDA:162,2,0,0
BRDA:162,2,1,0
BRF:6
BRH:0
end_of_record
TN:
SF:wrappers/AdvancedPremiumDistributor.compile.ts
FNF:0
FNH:0
DA:3,1
LF:1
LH:1
BRF:0
BRH:0
end_of_record
TN:
SF:wrappers/AdvancedPremiumDistributor.ts
FN:17,advancedPremiumDistributorConfigToCell
FN:42,(anonymous_1)
FN:47,(anonymous_2)
FN:51,(anonymous_3)
FN:57,(anonymous_4)
FN:65,(anonymous_5)
FN:87,(anonymous_6)
FN:105,(anonymous_7)
FN:123,(anonymous_8)
FN:146,(anonymous_9)
FN:151,(anonymous_10)
FNF:11
FNH:10
FNDA:15,advancedPremiumDistributorConfigToCell
FNDA:15,(anonymous_1)
FNDA:0,(anonymous_2)
FNDA:15,(anonymous_3)
FNDA:15,(anonymous_4)
FNDA:10,(anonymous_5)
FNDA:1,(anonymous_6)
FNDA:1,(anonymous_7)
FNDA:1,(anonymous_8)
FNDA:2,(anonymous_9)
FNDA:2,(anonymous_10)
DA:1,1
DA:17,1
DA:18,15
DA:41,1
DA:43,15
DA:44,15
DA:48,0
DA:52,15
DA:53,15
DA:54,15
DA:58,15
DA:75,10
DA:95,1
DA:113,1
DA:133,1
DA:134,1
DA:147,2
DA:148,2
DA:152,2
DA:153,2
LF:20
LH:19
BRDA:51,0,0,15
BRF:1
BRH:1
end_of_record
TN:
SF:wrappers/ClaimsProcessor.compile.ts
FNF:0
FNH:0
DA:3,1
LF:1
LH:1
BRF:0
BRH:0
end_of_record
TN:
SF:wrappers/ClaimsProcessor.ts
FN:14,claimsProcessorConfigToCell
FN:40,(anonymous_1)
FN:45,(anonymous_2)
FN:49,(anonymous_3)
FN:55,(anonymous_4)
FN:63,(anonymous_5)
FN:87,(anonymous_6)
FN:105,(anonymous_7)
FN:123,(anonymous_8)
FN:141,(anonymous_9)
FNF:10
FNH:9
FNDA:15,claimsProcessorConfigToCell
FNDA:15,(anonymous_1)
FNDA:0,(anonymous_2)
FNDA:15,(anonymous_3)
FNDA:15,(anonymous_4)
FNDA:14,(anonymous_5)
FNDA:2,(anonymous_6)
FNDA:2,(anonymous_7)
FNDA:6,(anonymous_8)
FNDA:9,(anonymous_9)
DA:1,1
DA:14,1
DA:16,15
DA:23,15
DA:28,15
DA:39,1
DA:41,15
DA:42,15
DA:46,0
DA:50,15
DA:51,15
DA:52,15
DA:56,15
DA:74,14
DA:95,2
DA:113,2
DA:131,6
DA:146,9
DA:149,9
LF:19
LH:18
BRDA:49,0,0,15
BRF:1
BRH:1
end_of_record
TN:
SF:wrappers/ComplianceGateway.compile.ts
FNF:0
FNH:0
DA:3,1
LF:1
LH:1
BRF:0
BRH:0
end_of_record
TN:
SF:wrappers/ComplianceGateway.ts
FN:11,complianceGatewayConfigToCell
FN:24,(anonymous_1)
FN:29,(anonymous_2)
FN:33,(anonymous_3)
FN:39,(anonymous_4)
FN:47,(anonymous_5)
FN:69,(anonymous_6)
FN:87,(anonymous_7)
FN:107,(anonymous_8)
FN:127,(anonymous_9)
FN:144,(anonymous_10)
FN:151,(anonymous_11)
FNF:12
FNH:11
FNDA:14,complianceGatewayConfigToCell
FNDA:14,(anonymous_1)
FNDA:0,(anonymous_2)
FNDA:14,(anonymous_3)
FNDA:14,(anonymous_4)
FNDA:20,(anonymous_5)
FNDA:12,(anonymous_6)
FNDA:2,(anonymous_7)
FNDA:1,(anonymous_8)
FNDA:7,(anonymous_9)
FNDA:3,(anonymous_10)
FNDA:1,(anonymous_11)
DA:1,1
DA:11,1
DA:12,14
DA:23,1
DA:25,14
DA:26,14
DA:30,0
DA:34,14
DA:35,14
DA:36,14
DA:40,14
DA:57,20
DA:77,12
DA:96,2
DA:116,1
DA:133,7
DA:136,7
DA:145,3
DA:148,3
DA:156,1
DA:157,1
LF:21
LH:20
BRDA:33,0,0,14
BRF:1
BRH:1
end_of_record
TN:
SF:wrappers/GovernanceRewards.compile.ts
FNF:0
FNH:0
DA:3,1
LF:1
LH:1
BRF:0
BRH:0
end_of_record
TN:
SF:wrappers/GovernanceRewards.ts
FN:13,governanceRewardsConfigToCell
FN:28,(anonymous_1)
FN:33,(anonymous_2)
FN:37,(anonymous_3)
FN:43,(anonymous_4)
FN:51,(anonymous_5)
FN:69,(anonymous_6)
FN:93,(anonymous_7)
FN:111,(anonymous_8)
FN:121,(anonymous_9)
FN:136,(anonymous_10)
FN:143,(anonymous_11)
FN:154,(anonymous_12)
FNF:13
FNH:11
FNDA:13,governanceRewardsConfigToCell
FNDA:13,(anonymous_1)
FNDA:0,(anonymous_2)
FNDA:13,(anonymous_3)
FNDA:13,(anonymous_4)
FNDA:13,(anonymous_5)
FNDA:14,(anonymous_6)
FNDA:13,(anonymous_7)
FNDA:1,(anonymous_8)
FNDA:10,(anonymous_9)
FNDA:2,(anonymous_10)
FNDA:0,(anonymous_11)
FNDA:1,(anonymous_12)
DA:1,1
DA:13,1
DA:14,13
DA:27,1
DA:29,13
DA:30,13
DA:34,0
DA:38,13
DA:39,13
DA:40,13
DA:44,13
DA:59,13
DA:80,14
DA:101,13
DA:112,1
DA:126,10
DA:129,10
DA:137,2
DA:140,2
DA:147,0
DA:148,0
DA:155,1
DA:156,1
LF:23
LH:20
BRDA:37,0,0,13
BRDA:87,1,0,11
BRDA:87,1,1,3
BRF:3
BRH:3
end_of_record
TN:
SF:wrappers/HedgeCoordinator.ts
FN:17,(anonymous_0)
FN:23,(anonymous_1)
FN:48,hedgeCoordinatorConfigToCell
FN:59,(anonymous_3)
FN:64,(anonymous_4)
FN:68,(anonymous_5)
FN:74,(anonymous_6)
FN:82,(anonymous_7)
FN:111,(anonymous_8)
FN:135,(anonymous_9)
FN:159,(anonymous_10)
FN:177,(anonymous_11)
FN:195,(anonymous_12)
FN:213,(anonymous_13)
FN:228,(anonymous_14)
FN:245,(anonymous_15)
FN:253,(anonymous_16)
FN:264,(anonymous_17)
FN:269,(anonymous_18)
FNF:19
FNH:4
FNDA:1,(anonymous_0)
FNDA:1,(anonymous_1)
FNDA:0,hedgeCoordinatorConfigToCell
FNDA:14,(anonymous_3)
FNDA:0,(anonymous_4)
FNDA:0,(anonymous_5)
FNDA:0,(anonymous_6)
FNDA:0,(anonymous_7)
FNDA:0,(anonymous_8)
FNDA:0,(anonymous_9)
FNDA:0,(anonymous_10)
FNDA:0,(anonymous_11)
FNDA:0,(anonymous_12)
FNDA:17,(anonymous_13)
FNDA:0,(anonymous_14)
FNDA:0,(anonymous_15)
FNDA:0,(anonymous_16)
FNDA:0,(anonymous_17)
FNDA:0,(anonymous_18)
DA:1,1
DA:17,1
DA:18,1
DA:19,1
DA:20,1
DA:23,1
DA:24,1
DA:25,1
DA:26,1
DA:27,1
DA:28,1
DA:48,1
DA:49,0
DA:58,1
DA:60,14
DA:61,14
DA:65,0
DA:69,0
DA:70,0
DA:71,0
DA:75,0
DA:95,0
DA:97,0
DA:122,0
DA:146,0
DA:167,0
DA:185,0
DA:203,0
DA:214,17
DA:218,16
DA:232,0
DA:236,0
DA:246,0
DA:250,0
DA:257,0
DA:261,0
DA:265,0
DA:266,0
DA:270,0
DA:271,0
LF:40
LH:17
BRDA:17,0,0,1
BRDA:17,0,1,1
BRDA:23,1,0,1
BRDA:23,1,1,1
BRDA:68,2,0,0
BRF:5
BRH:4
end_of_record
TN:
SF:wrappers/HedgedPolicyFactory.ts
FN:35,hedgedPolicyFactoryConfigToCell
FN:55,(anonymous_1)
FN:60,(anonymous_2)
FN:64,(anonymous_3)
FN:70,(anonymous_4)
FN:78,(anonymous_5)
FN:106,(anonymous_6)
FN:124,(anonymous_7)
FN:142,(anonymous_8)
FN:160,(anonymous_9)
FN:177,(anonymous_10)
FN:182,(anonymous_11)
FN:187,(anonymous_12)
FN:192,(anonymous_13)
FN:197,(anonymous_14)
FN:202,(anonymous_15)
FNF:16
FNH:3
FNDA:0,hedgedPolicyFactoryConfigToCell
FNDA:14,(anonymous_1)
FNDA:0,(anonymous_2)
FNDA:0,(anonymous_3)
FNDA:0,(anonymous_4)
FNDA:0,(anonymous_5)
FNDA:0,(anonymous_6)
FNDA:0,(anonymous_7)
FNDA:0,(anonymous_8)
FNDA:19,(anonymous_9)
FNDA:14,(anonymous_10)
FNDA:0,(anonymous_11)
FNDA:0,(anonymous_12)
FNDA:0,(anonymous_13)
FNDA:0,(anonymous_14)
FNDA:0,(anonymous_15)
DA:1,1
DA:35,1
DA:36,0
DA:42,0
DA:54,1
DA:56,14
DA:57,14
DA:61,0
DA:65,0
DA:66,0
DA:67,0
DA:71,0
DA:91,0
DA:114,0
DA:132,0
DA:150,0
DA:161,19
DA:165,19
DA:178,14
DA:179,14
DA:183,0
DA:184,0
DA:188,0
DA:189,0
DA:193,0
DA:194,0
DA:198,0
DA:199,0
DA:203,0
DA:204,0
LF:30
LH:9
BRDA:64,0,0,0
BRF:1
BRH:0
end_of_record
TN:
SF:wrappers/JettonWallet.compile.ts
FNF:0
FNH:0
DA:3,4
LF:1
LH:1
BRF:0
BRH:0
end_of_record
TN:
SF:wrappers/OracleRewards.compile.ts
FNF:0
FNH:0
DA:3,1
LF:1
LH:1
BRF:0
BRH:0
end_of_record
TN:
SF:wrappers/OracleRewards.ts
FN:12,oracleRewardsConfigToCell
FN:26,(anonymous_1)
FN:31,(anonymous_2)
FN:35,(anonymous_3)
FN:41,(anonymous_4)
FN:49,(anonymous_5)
FN:67,(anonymous_6)
FN:89,(anonymous_7)
FN:107,(anonymous_8)
FN:117,(anonymous_9)
FN:132,(anonymous_10)
FN:139,(anonymous_11)
FNF:12
FNH:11
FNDA:12,oracleRewardsConfigToCell
FNDA:12,(anonymous_1)
FNDA:0,(anonymous_2)
FNDA:12,(anonymous_3)
FNDA:12,(anonymous_4)
FNDA:13,(anonymous_5)
FNDA:15,(anonymous_6)
FNDA:16,(anonymous_7)
FNDA:1,(anonymous_8)
FNDA:7,(anonymous_9)
FNDA:3,(anonymous_10)
FNDA:1,(anonymous_11)
DA:1,1
DA:12,1
DA:13,12
DA:25,1
DA:27,12
DA:28,12
DA:32,0
DA:36,12
DA:37,12
DA:38,12
DA:42,12
DA:57,13
DA:77,15
DA:97,16
DA:108,1
DA:122,7
DA:125,7
DA:133,3
DA:136,3
DA:143,1
DA:144,1
LF:21
LH:20
BRDA:35,0,0,12
BRDA:84,1,0,1
BRDA:84,1,1,14
BRF:3
BRH:3
end_of_record
TN:
SF:wrappers/PolicyFactory.compile.ts
FNF:0
FNH:0
DA:3,1
LF:1
LH:1
BRF:0
BRH:0
end_of_record
TN:
SF:wrappers/PolicyFactory.ts
FN:12,policyFactoryConfigToCell
FN:25,(anonymous_1)
FN:30,(anonymous_2)
FN:34,(anonymous_3)
FN:40,(anonymous_4)
FN:48,(anonymous_5)
FN:70,(anonymous_6)
FN:88,(anonymous_7)
FN:106,(anonymous_8)
FN:111,(anonymous_9)
FN:133,(anonymous_10)
FNF:11
FNH:10
FNDA:14,policyFactoryConfigToCell
FNDA:14,(anonymous_1)
FNDA:0,(anonymous_2)
FNDA:14,(anonymous_3)
FNDA:14,(anonymous_4)
FNDA:8,(anonymous_5)
FNDA:2,(anonymous_6)
FNDA:1,(anonymous_7)
FNDA:4,(anonymous_8)
FNDA:3,(anonymous_9)
FNDA:9,(anonymous_10)
DA:1,1
DA:12,1
DA:13,14
DA:24,1
DA:26,14
DA:27,14
DA:31,0
DA:35,14
DA:36,14
DA:37,14
DA:41,14
DA:58,8
DA:78,2
DA:96,1
DA:107,4
DA:108,4
DA:119,3
DA:123,3
DA:139,9
DA:144,9
LF:20
LH:19
BRDA:34,0,0,14
BRF:1
BRH:1
end_of_record
TN:
SF:wrappers/PriceOracle.compile.ts
FNF:0
FNH:0
DA:3,1
LF:1
LH:1
BRF:0
BRH:0
end_of_record
TN:
SF:wrappers/PriceOracle.ts
FN:10,priceOracleConfigToCell
FN:22,(anonymous_1)
FN:27,(anonymous_2)
FN:31,(anonymous_3)
FN:37,(anonymous_4)
FN:45,(anonymous_5)
FN:63,(anonymous_6)
FN:87,(anonymous_7)
FN:105,(anonymous_8)
FN:120,(anonymous_9)
FN:127,(anonymous_10)
FN:134,(anonymous_11)
FN:149,(anonymous_12)
FN:154,(anonymous_13)
FNF:14
FNH:13
FNDA:14,priceOracleConfigToCell
FNDA:14,(anonymous_1)
FNDA:0,(anonymous_2)
FNDA:14,(anonymous_3)
FNDA:14,(anonymous_4)
FNDA:14,(anonymous_5)
FNDA:22,(anonymous_6)
FNDA:1,(anonymous_7)
FNDA:1,(anonymous_8)
FNDA:5,(anonymous_9)
FNDA:3,(anonymous_10)
FNDA:3,(anonymous_11)
FNDA:1,(anonymous_12)
FNDA:1,(anonymous_13)
DA:1,1
DA:10,1
DA:11,14
DA:21,1
DA:23,14
DA:24,14
DA:28,0
DA:32,14
DA:33,14
DA:34,14
DA:38,14
DA:53,14
DA:74,22
DA:95,1
DA:110,1
DA:113,1
DA:121,5
DA:124,5
DA:128,3
DA:131,3
DA:139,3
DA:142,3
DA:150,1
DA:151,1
DA:155,1
DA:156,1
LF:26
LH:25
BRDA:31,0,0,14
BRF:1
BRH:1
end_of_record
TN:
SF:wrappers/PrimaryVault.compile.ts
FNF:0
FNH:0
DA:3,1
LF:1
LH:1
BRF:0
BRH:0
end_of_record
TN:
SF:wrappers/PrimaryVault.ts
FN:15,primaryVaultConfigToCell
FN:31,(anonymous_1)
FN:36,(anonymous_2)
FN:40,(anonymous_3)
FN:46,(anonymous_4)
FN:54,(anonymous_5)
FN:69,(anonymous_6)
FN:87,(anonymous_7)
FN:107,(anonymous_8)
FN:127,(anonymous_9)
FN:132,(anonymous_10)
FN:137,(anonymous_11)
FN:142,(anonymous_12)
FN:149,(anonymous_13)
FNF:14
FNH:13
FNDA:14,primaryVaultConfigToCell
FNDA:14,(anonymous_1)
FNDA:0,(anonymous_2)
FNDA:14,(anonymous_3)
FNDA:14,(anonymous_4)
FNDA:15,(anonymous_5)
FNDA:2,(anonymous_6)
FNDA:2,(anonymous_7)
FNDA:1,(anonymous_8)
FNDA:6,(anonymous_9)
FNDA:4,(anonymous_10)
FNDA:1,(anonymous_11)
FNDA:7,(anonymous_12)
FNDA:4,(anonymous_13)
DA:1,1
DA:15,1
DA:16,14
DA:30,1
DA:32,14
DA:33,14
DA:37,0
DA:41,14
DA:42,14
DA:43,14
DA:47,14
DA:62,15
DA:77,2
DA:96,2
DA:116,1
DA:128,6
DA:129,6
DA:133,4
DA:134,4
DA:138,1
DA:139,1
DA:143,7
DA:146,7
DA:155,4
DA:156,4
LF:25
LH:24
BRDA:40,0,0,14
BRF:1
BRH:1
end_of_record
TN:
SF:wrappers/ReferralManager.compile.ts
FNF:0
FNH:0
DA:3,1
LF:1
LH:1
BRF:0
BRH:0
end_of_record
TN:
SF:wrappers/ReferralManager.ts
FN:8,referralManagerConfigToCell
FN:18,(anonymous_1)
FN:23,(anonymous_2)
FN:27,(anonymous_3)
FN:33,(anonymous_4)
FN:41,(anonymous_5)
FN:61,(anonymous_6)
FN:83,(anonymous_7)
FN:96,(anonymous_8)
FN:107,(anonymous_9)
FN:119,(anonymous_10)
FN:137,(anonymous_11)
FNF:12
FNH:11
FNDA:15,referralManagerConfigToCell
FNDA:15,(anonymous_1)
FNDA:0,(anonymous_2)
FNDA:15,(anonymous_3)
FNDA:15,(anonymous_4)
FNDA:30,(anonymous_5)
FNDA:5,(anonymous_6)
FNDA:2,(anonymous_7)
FNDA:5,(anonymous_8)
FNDA:4,(anonymous_9)
FNDA:20,(anonymous_10)
FNDA:1,(anonymous_11)
DA:1,1
DA:8,1
DA:9,15
DA:17,1
DA:19,15
DA:20,15
DA:24,0
DA:28,15
DA:29,15
DA:30,15
DA:34,15
DA:50,30
DA:71,5
DA:87,2
DA:90,2
DA:97,5
DA:100,5
DA:101,5
DA:103,1
DA:115,4
DA:119,4
DA:120,20
DA:121,20
DA:123,12
DA:127,4
DA:138,1
DA:139,1
LF:27
LH:26
BRDA:27,0,0,15
BRF:1
BRH:1
end_of_record
TN:
SF:wrappers/SUREToken.compile.ts
FNF:0
FNH:0
DA:3,1
LF:1
LH:1
BRF:0
BRH:0
end_of_record
TN:
SF:wrappers/SUREToken.ts
FN:11,sureTokenConfigToCell
FN:22,(anonymous_1)
FN:27,(anonymous_2)
FN:31,(anonymous_3)
FN:37,(anonymous_4)
FN:45,(anonymous_5)
FN:67,(anonymous_6)
FN:84,(anonymous_7)
FNF:8
FNH:7
FNDA:12,sureTokenConfigToCell
FNDA:12,(anonymous_1)
FNDA:0,(anonymous_2)
FNDA:12,(anonymous_3)
FNDA:12,(anonymous_4)
FNDA:9,(anonymous_5)
FNDA:8,(anonymous_6)
FNDA:3,(anonymous_7)
DA:1,1
DA:11,1
DA:12,12
DA:21,1
DA:23,12
DA:24,12
DA:28,0
DA:32,12
DA:33,12
DA:34,12
DA:38,12
DA:55,9
DA:74,8
DA:75,8
DA:85,3
DA:88,3
LF:16
LH:15
BRDA:14,0,0,12
BRDA:14,0,1,0
BRDA:31,1,0,12
BRF:3
BRH:2
end_of_record
TN:
SF:wrappers/SecondaryVault.compile.ts
FNF:0
FNH:0
DA:3,1
LF:1
LH:1
BRF:0
BRH:0
end_of_record
TN:
SF:wrappers/SecondaryVault.ts
FN:15,secondaryVaultConfigToCell
FN:31,(anonymous_1)
FN:36,(anonymous_2)
FN:40,(anonymous_3)
FN:46,(anonymous_4)
FN:54,(anonymous_5)
FN:74,(anonymous_6)
FN:92,(anonymous_7)
FN:97,(anonymous_8)
FN:102,(anonymous_9)
FNF:10
FNH:9
FNDA:13,secondaryVaultConfigToCell
FNDA:13,(anonymous_1)
FNDA:0,(anonymous_2)
FNDA:13,(anonymous_3)
FNDA:13,(anonymous_4)
FNDA:16,(anonymous_5)
FNDA:2,(anonymous_6)
FNDA:5,(anonymous_7)
FNDA:9,(anonymous_8)
FNDA:7,(anonymous_9)
DA:1,1
DA:15,1
DA:16,13
DA:30,1
DA:32,13
DA:33,13
DA:37,0
DA:41,13
DA:42,13
DA:43,13
DA:47,13
DA:63,16
DA:82,2
DA:93,5
DA:94,5
DA:98,9
DA:99,9
DA:108,7
DA:111,7
LF:19
LH:18
BRDA:40,0,0,13
BRF:1
BRH:1
end_of_record
TN:
SF:wrappers/ShieldInst.compile.ts
FNF:0
FNH:0
DA:3,1
LF:1
LH:1
BRF:0
BRH:0
end_of_record
TN:
SF:wrappers/ShieldInst.ts
FN:13,shieldInstConfigToCell
FN:27,(anonymous_1)
FN:32,(anonymous_2)
FN:36,(anonymous_3)
FN:42,(anonymous_4)
FN:50,(anonymous_5)
FN:76,(anonymous_6)
FN:96,(anonymous_7)
FN:113,(anonymous_8)
FN:120,(anonymous_9)
FN:125,(anonymous_10)
FN:130,(anonymous_11)
FN:137,(anonymous_12)
FN:144,(anonymous_13)
FNF:14
FNH:13
FNDA:13,shieldInstConfigToCell
FNDA:13,(anonymous_1)
FNDA:0,(anonymous_2)
FNDA:13,(anonymous_3)
FNDA:13,(anonymous_4)
FNDA:9,(anonymous_5)
FNDA:1,(anonymous_6)
FNDA:3,(anonymous_7)
FNDA:1,(anonymous_8)
FNDA:1,(anonymous_9)
FNDA:1,(anonymous_10)
FNDA:4,(anonymous_11)
FNDA:2,(anonymous_12)
FNDA:1,(anonymous_13)
DA:1,1
DA:13,1
DA:14,13
DA:26,1
DA:28,13
DA:29,13
DA:33,0
DA:37,13
DA:38,13
DA:39,13
DA:43,13
DA:62,9
DA:85,1
DA:103,3
DA:104,3
DA:114,1
DA:117,1
DA:121,1
DA:122,1
DA:126,1
DA:127,1
DA:131,4
DA:134,4
DA:138,2
DA:141,2
DA:145,1
DA:146,1
LF:27
LH:26
BRDA:16,0,0,13
BRDA:16,0,1,0
BRDA:36,1,0,13
BRF:3
BRH:2
end_of_record
TN:
SF:wrappers/ShieldLP.compile.ts
FNF:0
FNH:0
DA:3,1
LF:1
LH:1
BRF:0
BRH:0
end_of_record
TN:
SF:wrappers/ShieldLP.ts
FN:12,shieldLPConfigToCell
FN:24,(anonymous_1)
FN:29,(anonymous_2)
FN:33,(anonymous_3)
FN:39,(anonymous_4)
FN:47,(anonymous_5)
FN:71,(anonymous_6)
FN:88,(anonymous_7)
FN:95,(anonymous_8)
FN:100,(anonymous_9)
FNF:10
FNH:9
FNDA:12,shieldLPConfigToCell
FNDA:12,(anonymous_1)
FNDA:0,(anonymous_2)
FNDA:12,(anonymous_3)
FNDA:12,(anonymous_4)
FNDA:9,(anonymous_5)
FNDA:3,(anonymous_6)
FNDA:3,(anonymous_7)
FNDA:1,(anonymous_8)
FNDA:4,(anonymous_9)
DA:1,1
DA:12,1
DA:13,12
DA:23,1
DA:25,12
DA:26,12
DA:30,0
DA:34,12
DA:35,12
DA:36,12
DA:40,12
DA:58,9
DA:78,3
DA:79,3
DA:89,3
DA:92,3
DA:96,1
DA:97,1
DA:101,4
DA:102,4
LF:20
LH:19
BRDA:15,0,0,12
BRDA:15,0,1,0
BRDA:33,1,0,12
BRF:3
BRH:2
end_of_record
TN:
SF:wrappers/ShieldStake.compile.ts
FNF:0
FNH:0
DA:3,1
LF:1
LH:1
BRF:0
BRH:0
end_of_record
TN:
SF:wrappers/ShieldStake.ts
FN:12,shieldStakeConfigToCell
FN:25,(anonymous_1)
FN:30,(anonymous_2)
FN:34,(anonymous_3)
FN:40,(anonymous_4)
FN:48,(anonymous_5)
FN:74,(anonymous_6)
FN:91,(anonymous_7)
FN:98,(anonymous_8)
FN:103,(anonymous_9)
FN:108,(anonymous_10)
FN:115,(anonymous_11)
FNF:12
FNH:11
FNDA:14,shieldStakeConfigToCell
FNDA:14,(anonymous_1)
FNDA:0,(anonymous_2)
FNDA:14,(anonymous_3)
FNDA:14,(anonymous_4)
FNDA:11,(anonymous_5)
FNDA:3,(anonymous_6)
FNDA:3,(anonymous_7)
FNDA:1,(anonymous_8)
FNDA:2,(anonymous_9)
FNDA:5,(anonymous_10)
FNDA:2,(anonymous_11)
DA:1,1
DA:12,1
DA:13,14
DA:24,1
DA:26,14
DA:27,14
DA:31,0
DA:35,14
DA:36,14
DA:37,14
DA:41,14
DA:60,11
DA:81,3
DA:82,3
DA:92,3
DA:95,3
DA:99,1
DA:100,1
DA:104,2
DA:105,2
DA:109,5
DA:112,5
DA:116,2
DA:119,2
LF:24
LH:23
BRDA:15,0,0,14
BRDA:15,0,1,0
BRDA:34,1,0,14
BRF:3
BRH:2
end_of_record
TN:
SF:wrappers/SimplePremiumDistributor.compile.ts
FNF:0
FNH:0
DA:3,1
LF:1
LH:1
BRF:0
BRH:0
end_of_record
TN:
SF:wrappers/SimplePremiumDistributor.ts
FN:13,simplePremiumDistributorConfigToCell
FN:36,(anonymous_1)
FN:41,(anonymous_2)
FN:45,(anonymous_3)
FN:51,(anonymous_4)
FN:59,(anonymous_5)
FN:79,(anonymous_6)
FN:84,(anonymous_7)
FNF:8
FNH:7
FNDA:10,simplePremiumDistributorConfigToCell
FNDA:10,(anonymous_1)
FNDA:0,(anonymous_2)
FNDA:10,(anonymous_3)
FNDA:10,(anonymous_4)
FNDA:10,(anonymous_5)
FNDA:3,(anonymous_6)
FNDA:3,(anonymous_7)
DA:1,1
DA:13,1
DA:15,10
DA:21,10
DA:26,10
DA:35,1
DA:37,10
DA:38,10
DA:42,0
DA:46,10
DA:47,10
DA:48,10
DA:52,10
DA:68,10
DA:80,3
DA:81,3
DA:85,3
DA:86,3
LF:18
LH:17
BRDA:45,0,0,10
BRF:1
BRH:1
end_of_record
TN:
SF:wrappers/Token.compile.ts
FNF:0
FNH:0
DA:3,1
LF:1
LH:1
BRF:0
BRH:0
end_of_record
TN:
SF:wrappers/Token.ts
FN:5,tokenConfigToCell
FN:10,(anonymous_1)
FN:12,(anonymous_2)
FN:16,(anonymous_3)
FN:22,(anonymous_4)
FNF:5
FNH:4
FNDA:1,tokenConfigToCell
FNDA:1,(anonymous_1)
FNDA:0,(anonymous_2)
FNDA:1,(anonymous_3)
FNDA:1,(anonymous_4)
DA:1,1
DA:5,1
DA:6,1
DA:9,1
DA:10,1
DA:13,0
DA:17,1
DA:18,1
DA:19,1
DA:23,1
LF:10
LH:9
BRDA:16,0,0,1
BRF:1
BRH:1
end_of_record
TN:
SF:wrappers/TradFiBuffer.compile.ts
FNF:0
FNH:0
DA:3,1
LF:1
LH:1
BRF:0
BRH:0
end_of_record
TN:
SF:wrappers/TradFiBuffer.ts
FN:18,tradFiBufferConfigToCell
FN:41,(anonymous_1)
FN:46,(anonymous_2)
FN:50,(anonymous_3)
FN:56,(anonymous_4)
FN:64,(anonymous_5)
FN:84,(anonymous_6)
FN:94,(anonymous_7)
FN:109,(anonymous_8)
FN:124,(anonymous_9)
FN:129,(anonymous_10)
FNF:11
FNH:9
FNDA:14,tradFiBufferConfigToCell
FNDA:14,(anonymous_1)
FNDA:0,(anonymous_2)
FNDA:14,(anonymous_3)
FNDA:14,(anonymous_4)
FNDA:16,(anonymous_5)
FNDA:2,(anonymous_6)
FNDA:4,(anonymous_7)
FNDA:3,(anonymous_8)
FNDA:1,(anonymous_9)
FNDA:0,(anonymous_10)
DA:1,1
DA:18,1
DA:19,14
DA:40,1
DA:42,14
DA:43,14
DA:47,0
DA:51,14
DA:52,14
DA:53,14
DA:57,14
DA:73,16
DA:85,2
DA:99,4
DA:102,4
DA:115,3
DA:116,3
DA:125,1
DA:126,1
DA:133,0
DA:134,0
LF:21
LH:18
BRDA:50,0,0,14
BRF:1
BRH:1
end_of_record
TN:
SF:wrappers/Treasury.compile.ts
FNF:0
FNH:0
DA:3,1
LF:1
LH:1
BRF:0
BRH:0
end_of_record
TN:
SF:wrappers/Treasury.ts
FN:13,treasuryConfigToCell
FN:33,(anonymous_1)
FN:38,(anonymous_2)
FN:42,(anonymous_3)
FN:48,(anonymous_4)
FN:56,(anonymous_5)
FN:69,(anonymous_6)
FNF:7
FNH:6
FNDA:13,treasuryConfigToCell
FNDA:13,(anonymous_1)
FNDA:0,(anonymous_2)
FNDA:13,(anonymous_3)
FNDA:13,(anonymous_4)
FNDA:2,(anonymous_5)
FNDA:6,(anonymous_6)
DA:1,1
DA:13,1
DA:17,13
DA:22,13
DA:32,1
DA:34,13
DA:35,13
DA:39,0
DA:43,13
DA:44,13
DA:45,13
DA:49,13
DA:61,2
DA:62,2
DA:70,6
DA:71,6
LF:16
LH:15
BRDA:42,0,0,13
BRF:1
BRH:1
end_of_record
